2018-09-23 01:30:27 ERROR MonitoredProcess:416 - createConfigReader error:C:\Users\ueben\Documents\Proyectos\freewill.nextgen\proposalStudio\target\properties\config.properties (El sistema no puede encontrar la ruta especificada)
2018-09-23 01:40:57 ERROR MonitoredProcess:416 - createConfigReader error:C:\Users\ueben\Documents\Proyectos\freewill.nextgen\proposalStudio\target\properties\config.properties (El sistema no puede encontrar la ruta especificada)
2018-09-23 01:47:05 ERROR MonitoredProcess:416 - createConfigReader error:C:\Users\ueben\Documents\Proyectos\freewill.nextgen\proposalStudio\target\properties\config.properties (El sistema no puede encontrar la ruta especificada)
2018-09-23 01:59:50 ERROR MonitoredProcess:416 - createConfigReader error:C:\Users\ueben\Documents\Proyectos\freewill.nextgen\proposalStudio\target\properties\config.properties (El sistema no puede encontrar la ruta especificada)
2018-09-23 02:18:41 ERROR MonitoredProcess:416 - createConfigReader error:C:\Users\ueben\Documents\Proyectos\freewill.nextgen\proposalStudio\target\properties\config.properties (El sistema no puede encontrar la ruta especificada)
2018-09-23 02:26:07 ERROR MonitoredProcess:416 - createConfigReader error:C:\Users\ueben\Documents\Proyectos\freewill.nextgen\proposalStudio\target\properties\config.properties (El sistema no puede encontrar la ruta especificada)
2018-09-23 02:29:27 ERROR MonitoredProcess:416 - createConfigReader error:C:\Users\ueben\Documents\Proyectos\freewill.nextgen\proposalStudio\target\properties\config.properties (El sistema no puede encontrar la ruta especificada)
2018-09-23 02:59:55 ERROR MonitoredProcess:416 - createConfigReader error:C:\Users\ueben\Documents\Proyectos\freewill.nextgen\proposalStudio\target\properties\config.properties (El sistema no puede encontrar la ruta especificada)
2018-09-23 03:07:32 ERROR MonitoredProcess:416 - createConfigReader error:C:\Users\ueben\Documents\Proyectos\freewill.nextgen\proposalStudio\target\properties\config.properties (El sistema no puede encontrar la ruta especificada)
2018-09-23 03:14:42 ERROR MonitoredProcess:416 - createConfigReader error:C:\Users\ueben\Documents\Proyectos\freewill.nextgen\proposalStudio\target\properties\config.properties (El sistema no puede encontrar la ruta especificada)
2018-09-23 03:17:17 ERROR MonitoredProcess:416 - createConfigReader error:C:\Users\ueben\Documents\Proyectos\freewill.nextgen\proposalStudio\target\properties\config.properties (El sistema no puede encontrar la ruta especificada)
2018-09-23 03:22:08 ERROR MonitoredProcess:416 - createConfigReader error:C:\Users\ueben\Documents\Proyectos\freewill.nextgen\proposalStudio\target\properties\config.properties (El sistema no puede encontrar la ruta especificada)
2018-09-23 17:55:16 ERROR MonitoredProcess:416 - createConfigReader error:C:\Users\ueben\Documents\Proyectos\freewill.nextgen\proposalStudio\target\properties\config.properties (El sistema no puede encontrar la ruta especificada)
2018-09-23 17:57:47 ERROR MonitoredProcess:126 - 404 
2018-09-23 18:08:44 ERROR MonitoredProcess:416 - createConfigReader error:C:\Users\ueben\Documents\Proyectos\freewill.nextgen\proposalStudio\target\properties\config.properties (El sistema no puede encontrar la ruta especificada)
2018-09-23 18:09:12 ERROR MonitoredProcess:126 - 404 
2018-09-23 18:12:31 ERROR MonitoredProcess:126 - 404 
2018-09-23 19:07:29 ERROR MonitoredProcess:416 - createConfigReader error:C:\Users\ueben\Documents\Proyectos\freewill.nextgen\proposalStudio\target\properties\config.properties (El sistema no puede encontrar la ruta especificada)
2018-09-23 19:13:28 ERROR MonitoredProcess:416 - createConfigReader error:C:\Users\ueben\Documents\Proyectos\freewill.nextgen\proposalStudio\target\properties\config.properties (El sistema no puede encontrar la ruta especificada)
2018-09-23 19:22:52 ERROR MonitoredProcess:416 - createConfigReader error:C:\Users\ueben\Documents\Proyectos\freewill.nextgen\proposalStudio\target\properties\config.properties (El sistema no puede encontrar la ruta especificada)
2018-09-23 19:29:31 ERROR MonitoredProcess:416 - createConfigReader error:C:\Users\ueben\Documents\Proyectos\freewill.nextgen\proposalStudio\target\properties\config.properties (El sistema no puede encontrar la ruta especificada)
2018-09-23 19:48:11 ERROR MonitoredProcess:416 - createConfigReader error:C:\Users\ueben\Documents\Proyectos\freewill.nextgen\proposalStudio\target\properties\config.properties (El sistema no puede encontrar la ruta especificada)
2018-09-23 20:01:55 ERROR MonitoredProcess:416 - createConfigReader error:C:\Users\ueben\Documents\Proyectos\freewill.nextgen\proposalStudio\target\properties\config.properties (El sistema no puede encontrar la ruta especificada)
2018-09-23 20:11:50 ERROR MonitoredProcess:416 - createConfigReader error:C:\Users\ueben\Documents\Proyectos\freewill.nextgen\proposalStudio\target\properties\config.properties (El sistema no puede encontrar la ruta especificada)
2018-09-23 20:15:49 ERROR MonitoredProcess:416 - createConfigReader error:C:\Users\ueben\Documents\Proyectos\freewill.nextgen\proposalStudio\target\properties\config.properties (El sistema no puede encontrar la ruta especificada)
2018-09-24 22:25:42 ERROR MonitoredProcess:416 - createConfigReader error:C:\Users\ueben\Documents\Proyectos\freewill.nextgen\proposalStudio\target\properties\config.properties (El sistema no puede encontrar la ruta especificada)
2018-09-24 22:28:06 ERROR MonitoredProcess:416 - createConfigReader error:C:\Users\ueben\Documents\Proyectos\freewill.nextgen\proposalStudio\target\properties\config.properties (El sistema no puede encontrar la ruta especificada)
2018-09-24 22:31:11 ERROR MonitoredProcess:416 - createConfigReader error:C:\Users\ueben\Documents\Proyectos\freewill.nextgen\proposalStudio\target\properties\config.properties (El sistema no puede encontrar la ruta especificada)
2018-09-24 22:35:07 ERROR MonitoredProcess:416 - createConfigReader error:C:\Users\ueben\Documents\Proyectos\freewill.nextgen\proposalStudio\target\properties\config.properties (El sistema no puede encontrar la ruta especificada)
2018-09-24 22:41:00 ERROR MonitoredProcess:416 - createConfigReader error:C:\Users\ueben\Documents\Proyectos\freewill.nextgen\proposalStudio\target\properties\config.properties (El sistema no puede encontrar la ruta especificada)
2018-09-24 22:45:04 ERROR MonitoredProcess:416 - createConfigReader error:C:\Users\ueben\Documents\Proyectos\freewill.nextgen\proposalStudio\target\properties\config.properties (El sistema no puede encontrar la ruta especificada)
2018-09-24 23:00:37 ERROR MonitoredProcess:416 - createConfigReader error:C:\Users\ueben\Documents\Proyectos\freewill.nextgen\proposalStudio\target\properties\config.properties (El sistema no puede encontrar la ruta especificada)
2018-09-25 21:50:09 ERROR MonitoredProcess:416 - createConfigReader error:C:\Users\ueben\Documents\Proyectos\freewill.nextgen\proposalStudio\target\properties\config.properties (El sistema no puede encontrar la ruta especificada)
2018-09-25 22:37:19 ERROR MonitoredProcess:416 - createConfigReader error:C:\Users\ueben\Documents\Proyectos\freewill.nextgen\proposalStudio\target\properties\config.properties (El sistema no puede encontrar la ruta especificada)
2018-09-25 23:34:14 ERROR MonitoredProcess:416 - createConfigReader error:C:\Users\ueben\Documents\Proyectos\freewill.nextgen\proposalStudio\target\properties\config.properties (El sistema no puede encontrar la ruta especificada)
2018-09-25 23:41:01 ERROR MonitoredProcess:416 - createConfigReader error:C:\Users\ueben\Documents\Proyectos\freewill.nextgen\proposalStudio\target\properties\config.properties (El sistema no puede encontrar la ruta especificada)
2018-09-25 23:44:01 ERROR MonitoredProcess:416 - createConfigReader error:C:\Users\ueben\Documents\Proyectos\freewill.nextgen\proposalStudio\target\properties\config.properties (El sistema no puede encontrar la ruta especificada)
2018-09-25 23:59:38 ERROR MonitoredProcess:416 - createConfigReader error:C:\Users\ueben\Documents\Proyectos\freewill.nextgen\proposalStudio\target\properties\config.properties (El sistema no puede encontrar la ruta especificada)
2018-09-26 00:03:35 ERROR MonitoredProcess:416 - createConfigReader error:C:\Users\ueben\Documents\Proyectos\freewill.nextgen\proposalStudio\target\properties\config.properties (El sistema no puede encontrar la ruta especificada)
2018-09-26 00:07:52 ERROR MonitoredProcess:416 - createConfigReader error:C:\Users\ueben\Documents\Proyectos\freewill.nextgen\proposalStudio\target\properties\config.properties (El sistema no puede encontrar la ruta especificada)
2018-09-26 00:14:04 ERROR MonitoredProcess:416 - createConfigReader error:C:\Users\ueben\Documents\Proyectos\freewill.nextgen\proposalStudio\target\properties\config.properties (El sistema no puede encontrar la ruta especificada)
2018-09-26 00:17:17 ERROR MonitoredProcess:416 - createConfigReader error:C:\Users\ueben\Documents\Proyectos\freewill.nextgen\proposalStudio\target\properties\config.properties (El sistema no puede encontrar la ruta especificada)
2018-09-26 00:21:44 ERROR MonitoredProcess:416 - createConfigReader error:C:\Users\ueben\Documents\Proyectos\freewill.nextgen\proposalStudio\target\properties\config.properties (El sistema no puede encontrar la ruta especificada)
2018-09-26 00:26:36 ERROR MonitoredProcess:416 - createConfigReader error:C:\Users\ueben\Documents\Proyectos\freewill.nextgen\proposalStudio\target\properties\config.properties (El sistema no puede encontrar la ruta especificada)
2018-09-26 00:32:20 ERROR MonitoredProcess:416 - createConfigReader error:C:\Users\ueben\Documents\Proyectos\freewill.nextgen\proposalStudio\target\properties\config.properties (El sistema no puede encontrar la ruta especificada)
2018-09-26 00:36:57 ERROR MonitoredProcess:416 - createConfigReader error:C:\Users\ueben\Documents\Proyectos\freewill.nextgen\proposalStudio\target\properties\config.properties (El sistema no puede encontrar la ruta especificada)
2018-09-26 00:43:08 ERROR MonitoredProcess:416 - createConfigReader error:C:\Users\ueben\Documents\Proyectos\freewill.nextgen\proposalStudio\target\properties\config.properties (El sistema no puede encontrar la ruta especificada)
2018-09-26 00:44:47 ERROR MonitoredProcess:416 - createConfigReader error:C:\Users\ueben\Documents\Proyectos\freewill.nextgen\proposalStudio\target\properties\config.properties (El sistema no puede encontrar la ruta especificada)
2018-09-26 00:55:55 ERROR MonitoredProcess:416 - createConfigReader error:C:\Users\ueben\Documents\Proyectos\freewill.nextgen\proposalStudio\target\properties\config.properties (El sistema no puede encontrar la ruta especificada)
2018-09-26 19:48:23 ERROR MonitoredProcess:416 - createConfigReader error:C:\Users\ueben\Documents\Proyectos\freewill.nextgen\proposalStudio\target\properties\config.properties (El sistema no puede encontrar la ruta especificada)
2018-09-26 19:48:33 ERROR MonitoredProcess:115 - Redis server response timeout (3000 ms) occured for command: (LINDEX) with params: [ServerEntity, 0] channel: [id: 0xd638068d, L:/127.0.0.1:58915 - R:/127.0.0.1:6379]
2018-09-26 19:48:33 ERROR MonitoredProcess:228 - Fail searching record in ServerEntity>No-System:KYLOREN
2018-09-26 23:10:56 ERROR MonitoredProcess:416 - createConfigReader error:C:\Users\ueben\Documents\Proyectos\freewill.nextgen\proposalStudio\target\properties\config.properties (El sistema no puede encontrar la ruta especificada)
2018-09-26 23:18:24 ERROR MonitoredProcess:416 - createConfigReader error:C:\Users\ueben\Documents\Proyectos\freewill.nextgen\proposalStudio\target\properties\config.properties (El sistema no puede encontrar la ruta especificada)
2018-09-26 23:20:21 ERROR MonitoredProcess:416 - createConfigReader error:C:\Users\ueben\Documents\Proyectos\freewill.nextgen\proposalStudio\target\properties\config.properties (El sistema no puede encontrar la ruta especificada)
2018-09-27 15:20:44 ERROR MonitoredProcess:416 - createConfigReader error:C:\Users\ueben\Documents\Proyectos\freewill.nextgen\proposalStudio\target\properties\config.properties (El sistema no puede encontrar la ruta especificada)
2018-09-27 15:41:42 ERROR MonitoredProcess:416 - createConfigReader error:C:\Users\ueben\Documents\Proyectos\freewill.nextgen\proposalStudio\target\properties\config.properties (El sistema no puede encontrar la ruta especificada)
2018-09-27 15:46:51 ERROR MonitoredProcess:416 - createConfigReader error:C:\Users\ueben\Documents\Proyectos\freewill.nextgen\proposalStudio\target\properties\config.properties (El sistema no puede encontrar la ruta especificada)
2018-09-27 15:53:29 ERROR MonitoredProcess:416 - createConfigReader error:C:\Users\ueben\Documents\Proyectos\freewill.nextgen\proposalStudio\target\properties\config.properties (El sistema no puede encontrar la ruta especificada)
2018-09-27 16:03:09 ERROR MonitoredProcess:416 - createConfigReader error:C:\Users\ueben\Documents\Proyectos\freewill.nextgen\proposalStudio\target\properties\config.properties (El sistema no puede encontrar la ruta especificada)
2018-09-27 20:06:42 ERROR MonitoredProcess:416 - createConfigReader error:C:\Users\ueben\Documents\Proyectos\freewill.nextgen\proposalStudio\target\properties\config.properties (El sistema no puede encontrar la ruta especificada)
2018-09-27 21:15:55 ERROR MonitoredProcess:416 - createConfigReader error:C:\Users\ueben\Documents\Proyectos\freewill.nextgen\proposalStudio\target\properties\config.properties (El sistema no puede encontrar la ruta especificada)
2018-09-27 22:43:24 ERROR MonitoredProcess:416 - createConfigReader error:C:\Users\ueben\Documents\Proyectos\freewill.nextgen\proposalStudio\target\properties\config.properties (El sistema no puede encontrar la ruta especificada)
2018-09-27 22:57:06 ERROR MonitoredProcess:416 - createConfigReader error:C:\Users\ueben\Documents\Proyectos\freewill.nextgen\proposalStudio\target\properties\config.properties (El sistema no puede encontrar la ruta especificada)
2018-09-27 23:21:36 ERROR MonitoredProcess:416 - createConfigReader error:C:\Users\ueben\Documents\Proyectos\freewill.nextgen\proposalStudio\target\properties\config.properties (El sistema no puede encontrar la ruta especificada)
2018-09-27 23:36:46 ERROR MonitoredProcess:416 - createConfigReader error:C:\Users\ueben\Documents\Proyectos\freewill.nextgen\proposalStudio\target\properties\config.properties (El sistema no puede encontrar la ruta especificada)
2018-09-27 23:44:16 ERROR MonitoredProcess:416 - createConfigReader error:C:\Users\ueben\Documents\Proyectos\freewill.nextgen\proposalStudio\target\properties\config.properties (El sistema no puede encontrar la ruta especificada)
2018-09-28 00:01:29 ERROR MonitoredProcess:416 - createConfigReader error:C:\Users\ueben\Documents\Proyectos\freewill.nextgen\proposalStudio\target\properties\config.properties (El sistema no puede encontrar la ruta especificada)
2018-09-28 00:15:01 ERROR MonitoredProcess:416 - createConfigReader error:C:\Users\ueben\Documents\Proyectos\freewill.nextgen\proposalStudio\target\properties\config.properties (El sistema no puede encontrar la ruta especificada)
2018-09-28 00:21:33 ERROR MonitoredProcess:416 - createConfigReader error:C:\Users\ueben\Documents\Proyectos\freewill.nextgen\proposalStudio\target\properties\config.properties (El sistema no puede encontrar la ruta especificada)
2018-09-28 00:34:48 ERROR MonitoredProcess:416 - createConfigReader error:C:\Users\ueben\Documents\Proyectos\freewill.nextgen\proposalStudio\target\properties\config.properties (El sistema no puede encontrar la ruta especificada)
2018-09-28 00:51:21 ERROR MonitoredProcess:416 - createConfigReader error:C:\Users\ueben\Documents\Proyectos\freewill.nextgen\proposalStudio\target\properties\config.properties (El sistema no puede encontrar la ruta especificada)
2018-09-28 00:57:12 ERROR MonitoredProcess:416 - createConfigReader error:C:\Users\ueben\Documents\Proyectos\freewill.nextgen\proposalStudio\target\properties\config.properties (El sistema no puede encontrar la ruta especificada)
2018-09-28 01:14:48 ERROR MonitoredProcess:416 - createConfigReader error:C:\Users\ueben\Documents\Proyectos\freewill.nextgen\proposalStudio\target\properties\config.properties (El sistema no puede encontrar la ruta especificada)
2018-09-28 01:23:56 ERROR MonitoredProcess:416 - createConfigReader error:C:\Users\ueben\Documents\Proyectos\freewill.nextgen\proposalStudio\target\properties\config.properties (El sistema no puede encontrar la ruta especificada)
2018-09-28 13:48:57 ERROR MonitoredProcess:416 - createConfigReader error:C:\Users\ueben\Documents\Proyectos\freewill.nextgen\proposalStudio\target\properties\config.properties (El sistema no puede encontrar la ruta especificada)
2018-09-28 13:54:19 ERROR MonitoredProcess:416 - createConfigReader error:C:\Users\ueben\Documents\Proyectos\freewill.nextgen\proposalStudio\target\properties\config.properties (El sistema no puede encontrar la ruta especificada)
2018-09-28 13:58:58 ERROR MonitoredProcess:416 - createConfigReader error:C:\Users\ueben\Documents\Proyectos\freewill.nextgen\proposalStudio\target\properties\config.properties (El sistema no puede encontrar la ruta especificada)
2018-09-28 14:23:59 ERROR MonitoredProcess:416 - createConfigReader error:C:\Users\ueben\Documents\Proyectos\freewill.nextgen\proposalStudio\target\properties\config.properties (El sistema no puede encontrar la ruta especificada)
2018-09-28 14:28:04 ERROR MonitoredProcess:416 - createConfigReader error:C:\Users\ueben\Documents\Proyectos\freewill.nextgen\proposalStudio\target\properties\config.properties (El sistema no puede encontrar la ruta especificada)
2018-09-28 14:31:11 ERROR MonitoredProcess:416 - createConfigReader error:C:\Users\ueben\Documents\Proyectos\freewill.nextgen\proposalStudio\target\properties\config.properties (El sistema no puede encontrar la ruta especificada)
2018-09-28 17:21:20 ERROR MonitoredProcess:416 - createConfigReader error:C:\Users\ueben\Documents\Proyectos\freewill.nextgen\proposalStudio\target\properties\config.properties (El sistema no puede encontrar la ruta especificada)
2018-09-28 17:26:34 ERROR MonitoredProcess:416 - createConfigReader error:C:\Users\ueben\Documents\Proyectos\freewill.nextgen\proposalStudio\target\properties\config.properties (El sistema no puede encontrar la ruta especificada)
2018-09-28 17:33:06 ERROR MonitoredProcess:416 - createConfigReader error:C:\Users\ueben\Documents\Proyectos\freewill.nextgen\proposalStudio\target\properties\config.properties (El sistema no puede encontrar la ruta especificada)
2018-09-28 17:36:41 ERROR MonitoredProcess:416 - createConfigReader error:C:\Users\ueben\Documents\Proyectos\freewill.nextgen\proposalStudio\target\properties\config.properties (El sistema no puede encontrar la ruta especificada)
2018-09-28 17:39:23 ERROR MonitoredProcess:416 - createConfigReader error:C:\Users\ueben\Documents\Proyectos\freewill.nextgen\proposalStudio\target\properties\config.properties (El sistema no puede encontrar la ruta especificada)
2018-09-28 17:47:48 ERROR MonitoredProcess:416 - createConfigReader error:C:\Users\ueben\Documents\Proyectos\freewill.nextgen\proposalStudio\target\properties\config.properties (El sistema no puede encontrar la ruta especificada)
2018-09-30 12:51:33 ERROR MonitoredProcess:416 - createConfigReader error:C:\Users\ueben\Documents\Proyectos\freewill.nextgen\proposalStudio\target\properties\config.properties (El sistema no puede encontrar la ruta especificada)
2018-10-10 23:06:21 ERROR MonitoredProcess:416 - createConfigReader error:C:\Users\ueben\Documents\Proyectos\freewill.nextgen\proposalStudio\target\properties\config.properties (El sistema no puede encontrar la ruta especificada)
2018-10-10 23:06:24 ERROR MonitoredProcess:115 - Unexpected exception while processing command
2018-10-10 23:06:24 ERROR MonitoredProcess:292 - Fail searching record in processesList - No-System:KYLOREN:HMI:ProposalStudio
2018-10-10 23:14:23 ERROR MonitoredProcess:416 - createConfigReader error:C:\Users\ueben\Documents\Proyectos\freewill.nextgen\proposalStudio\target\properties\config.properties (El sistema no puede encontrar la ruta especificada)
2018-10-10 23:20:24 ERROR MonitoredProcess:416 - createConfigReader error:C:\Users\ueben\Documents\Proyectos\freewill.nextgen\proposalStudio\target\properties\config.properties (El sistema no puede encontrar la ruta especificada)
2018-10-10 23:33:54 ERROR MonitoredProcess:416 - createConfigReader error:C:\Users\ueben\Documents\Proyectos\freewill.nextgen\proposalStudio\target\properties\config.properties (El sistema no puede encontrar la ruta especificada)
2018-10-10 23:47:18 ERROR MonitoredProcess:416 - createConfigReader error:C:\Users\ueben\Documents\Proyectos\freewill.nextgen\proposalStudio\target\properties\config.properties (El sistema no puede encontrar la ruta especificada)
2018-10-10 23:54:01 ERROR MonitoredProcess:416 - createConfigReader error:C:\Users\ueben\Documents\Proyectos\freewill.nextgen\proposalStudio\target\properties\config.properties (El sistema no puede encontrar la ruta especificada)
2018-10-11 00:05:49 ERROR MonitoredProcess:416 - createConfigReader error:C:\Users\ueben\Documents\Proyectos\freewill.nextgen\proposalStudio\target\properties\config.properties (El sistema no puede encontrar la ruta especificada)
2018-10-11 00:15:14 ERROR MonitoredProcess:416 - createConfigReader error:C:\Users\ueben\Documents\Proyectos\freewill.nextgen\proposalStudio\target\properties\config.properties (El sistema no puede encontrar la ruta especificada)
2018-10-11 00:18:08 ERROR MonitoredProcess:126 - 400 
2018-10-11 00:23:06 ERROR MonitoredProcess:416 - createConfigReader error:C:\Users\ueben\Documents\Proyectos\freewill.nextgen\proposalStudio\target\properties\config.properties (El sistema no puede encontrar la ruta especificada)
2018-10-11 23:10:15 ERROR MonitoredProcess:416 - createConfigReader error:C:\Users\ueben\Documents\Proyectos\freewill.nextgen\proposalStudio\target\properties\config.properties (El sistema no puede encontrar la ruta especificada)
2018-10-12 20:16:15 ERROR MonitoredProcess:416 - createConfigReader error:C:\Users\ueben\Documents\Proyectos\freewill.nextgen\proposalStudio\target\properties\config.properties (El sistema no puede encontrar la ruta especificada)
2018-10-12 20:37:13 ERROR MonitoredProcess:416 - createConfigReader error:C:\Users\ueben\Documents\Proyectos\freewill.nextgen\proposalStudio\target\properties\config.properties (El sistema no puede encontrar la ruta especificada)
2018-10-12 22:37:36 ERROR MonitoredProcess:416 - createConfigReader error:C:\Users\ueben\Documents\Proyectos\freewill.nextgen\proposalStudio\target\properties\config.properties (El sistema no puede encontrar la ruta especificada)
2018-10-12 23:20:25 ERROR MonitoredProcess:416 - createConfigReader error:C:\Users\ueben\Documents\Proyectos\freewill.nextgen\proposalStudio\target\properties\config.properties (El sistema no puede encontrar la ruta especificada)
2018-10-12 23:22:43 ERROR MonitoredProcess:126 - 404 
2018-10-12 23:50:37 ERROR MonitoredProcess:416 - createConfigReader error:C:\Users\ueben\Documents\Proyectos\freewill.nextgen\proposalStudio\target\properties\config.properties (El sistema no puede encontrar la ruta especificada)
2018-10-13 11:03:12 ERROR MonitoredProcess:416 - createConfigReader error:C:\Users\ueben\Documents\Proyectos\freewill.nextgen\proposalStudio\target\properties\config.properties (El sistema no puede encontrar la ruta especificada)
2018-10-13 16:25:54 ERROR MonitoredProcess:416 - createConfigReader error:C:\Users\ueben\Documents\Proyectos\freewill.nextgen\proposalStudio\target\properties\config.properties (El sistema no puede encontrar la ruta especificada)
2018-10-13 16:41:48 ERROR MonitoredProcess:416 - createConfigReader error:C:\Users\ueben\Documents\Proyectos\freewill.nextgen\proposalStudio\target\properties\config.properties (El sistema no puede encontrar la ruta especificada)
2018-10-13 16:44:45 ERROR MonitoredProcess:416 - createConfigReader error:C:\Users\ueben\Documents\Proyectos\freewill.nextgen\proposalStudio\target\properties\config.properties (El sistema no puede encontrar la ruta especificada)
2018-10-13 16:50:06 ERROR MonitoredProcess:416 - createConfigReader error:C:\Users\ueben\Documents\Proyectos\freewill.nextgen\proposalStudio\target\properties\config.properties (El sistema no puede encontrar la ruta especificada)
2018-10-13 17:24:39 ERROR MonitoredProcess:416 - createConfigReader error:C:\Users\ueben\Documents\Proyectos\freewill.nextgen\proposalStudio\target\properties\config.properties (El sistema no puede encontrar la ruta especificada)
2018-10-13 17:27:04 ERROR MonitoredProcess:416 - createConfigReader error:C:\Users\ueben\Documents\Proyectos\freewill.nextgen\proposalStudio\target\properties\config.properties (El sistema no puede encontrar la ruta especificada)
2018-10-13 17:28:02 ERROR MonitoredProcess:416 - createConfigReader error:C:\Users\ueben\Documents\Proyectos\freewill.nextgen\proposalStudio\target\properties\config.properties (El sistema no puede encontrar la ruta especificada)
2018-10-13 17:31:16 ERROR MonitoredProcess:416 - createConfigReader error:C:\Users\ueben\Documents\Proyectos\freewill.nextgen\proposalStudio\target\properties\config.properties (El sistema no puede encontrar la ruta especificada)
2018-10-13 17:53:16 ERROR MonitoredProcess:416 - createConfigReader error:C:\Users\ueben\Documents\Proyectos\freewill.nextgen\proposalStudio\target\properties\config.properties (El sistema no puede encontrar la ruta especificada)
2018-10-13 17:57:05 ERROR MailServerForm:227 - 
2018-10-13 17:57:12 ERROR MailServerCrudView:123 - 
2018-10-13 17:57:16 ERROR MailServerForm:227 - 
2018-10-13 17:57:20 ERROR MailServerCrudView:123 - 
2018-10-13 17:57:24 ERROR MailServerForm:227 - 
2018-10-13 17:57:45 ERROR MailServerForm:227 - 
2018-10-13 17:57:50 ERROR MailServerCrudView:123 - 
2018-10-13 17:57:53 ERROR MailServerForm:227 - 
2018-10-13 17:57:59 ERROR MailServerCrudView:123 - 
2018-10-13 17:58:02 ERROR MailServerForm:227 - 
2018-10-13 17:58:07 ERROR MailServerCrudView:123 - 
2018-10-13 17:58:10 ERROR MailServerForm:227 - 
2018-10-13 23:52:21 ERROR MonitoredProcess:416 - createConfigReader error:C:\Users\ueben\Documents\Proyectos\freewill.nextgen\proposalStudio\target\properties\config.properties (El sistema no puede encontrar la ruta especificada)
2018-10-14 22:04:56 ERROR MonitoredProcess:416 - createConfigReader error:C:\Users\ueben\Documents\Proyectos\freewill.nextgen\proposalStudio\target\properties\config.properties (El sistema no puede encontrar la ruta especificada)
2018-10-14 23:01:08 ERROR MonitoredProcess:416 - createConfigReader error:C:\Users\ueben\Documents\Proyectos\freewill.nextgen\proposalStudio\target\properties\config.properties (El sistema no puede encontrar la ruta especificada)
2018-10-14 23:06:31 ERROR MonitoredProcess:416 - createConfigReader error:C:\Users\ueben\Documents\Proyectos\freewill.nextgen\proposalStudio\target\properties\config.properties (El sistema no puede encontrar la ruta especificada)
2018-10-14 23:13:16 ERROR MonitoredProcess:416 - createConfigReader error:C:\Users\ueben\Documents\Proyectos\freewill.nextgen\proposalStudio\target\properties\config.properties (El sistema no puede encontrar la ruta especificada)
2018-10-14 23:18:14 ERROR MonitoredProcess:416 - createConfigReader error:C:\Users\ueben\Documents\Proyectos\freewill.nextgen\proposalStudio\target\properties\config.properties (El sistema no puede encontrar la ruta especificada)
2018-10-14 23:30:17 ERROR MailServerCrudView:123 - 
2018-10-14 23:30:25 ERROR MailServerCrudView:123 - 
2018-10-14 23:41:57 ERROR MonitoredProcess:126 - 404 
2018-10-15 22:24:30 ERROR MonitoredProcess:416 - createConfigReader error:C:\Users\ueben\Documents\Proyectos\freewill.nextgen\proposalStudio\target\properties\config.properties (El sistema no puede encontrar la ruta especificada)
2018-10-15 22:39:19 ERROR MonitoredProcess:416 - createConfigReader error:C:\Users\ueben\Documents\Proyectos\freewill.nextgen\proposalStudio\target\properties\config.properties (El sistema no puede encontrar la ruta especificada)
2018-10-15 22:58:07 ERROR MonitoredProcess:416 - createConfigReader error:C:\Users\ueben\Documents\Proyectos\freewill.nextgen\proposalStudio\target\properties\config.properties (El sistema no puede encontrar la ruta especificada)
2018-10-15 23:01:26 ERROR MonitoredProcess:416 - createConfigReader error:C:\Users\ueben\Documents\Proyectos\freewill.nextgen\proposalStudio\target\properties\config.properties (El sistema no puede encontrar la ruta especificada)
2018-10-15 23:19:12 ERROR MonitoredProcess:416 - createConfigReader error:C:\Users\ueben\Documents\Proyectos\freewill.nextgen\proposalStudio\target\properties\config.properties (El sistema no puede encontrar la ruta especificada)
2018-10-15 23:31:14 ERROR MonitoredProcess:416 - createConfigReader error:C:\Users\ueben\Documents\Proyectos\freewill.nextgen\proposalStudio\target\properties\config.properties (El sistema no puede encontrar la ruta especificada)
2018-10-16 00:17:13 ERROR MonitoredProcess:416 - createConfigReader error:C:\Users\ueben\Documents\Proyectos\freewill.nextgen\proposalStudio\target\properties\config.properties (El sistema no puede encontrar la ruta especificada)
2018-10-16 22:38:47 ERROR MonitoredProcess:416 - createConfigReader error:C:\Users\ueben\Documents\Proyectos\freewill.nextgen\proposalStudio\target\properties\config.properties (El sistema no puede encontrar la ruta especificada)
2018-10-16 22:40:52 ERROR MailServerForm:227 - 
2018-10-16 22:49:04 ERROR MonitoredProcess:416 - createConfigReader error:C:\Users\ueben\Documents\Proyectos\freewill.nextgen\proposalStudio\target\properties\config.properties (El sistema no puede encontrar la ruta especificada)
2018-10-16 23:00:33 ERROR MailServerForm:227 - 
2018-10-16 23:00:35 ERROR MailServerForm:227 - 
2018-10-16 23:00:47 ERROR MailServerForm:227 - 
2018-10-16 23:21:48 ERROR MonitoredProcess:416 - createConfigReader error:C:\Users\ueben\Documents\Proyectos\freewill.nextgen\proposalStudio\target\properties\config.properties (El sistema no puede encontrar la ruta especificada)
2018-10-16 23:27:35 ERROR MailServerForm:227 - 
2018-10-16 23:35:02 ERROR MonitoredProcess:416 - createConfigReader error:C:\Users\ueben\Documents\Proyectos\freewill.nextgen\proposalStudio\target\properties\config.properties (El sistema no puede encontrar la ruta especificada)
2018-10-16 23:39:49 ERROR MonitoredProcess:416 - createConfigReader error:C:\Users\ueben\Documents\Proyectos\freewill.nextgen\proposalStudio\target\properties\config.properties (El sistema no puede encontrar la ruta especificada)
2018-10-16 23:50:46 ERROR MonitoredProcess:416 - createConfigReader error:C:\Users\ueben\Documents\Proyectos\freewill.nextgen\proposalStudio\target\properties\config.properties (El sistema no puede encontrar la ruta especificada)
2018-10-17 22:23:32 ERROR MonitoredProcess:416 - createConfigReader error:C:\Users\ueben\Documents\Proyectos\freewill.nextgen\proposalStudio\target\properties\config.properties (El sistema no puede encontrar la ruta especificada)
2018-10-17 22:33:13 ERROR MonitoredProcess:416 - createConfigReader error:C:\Users\ueben\Documents\Proyectos\freewill.nextgen\proposalStudio\target\properties\config.properties (El sistema no puede encontrar la ruta especificada)
2018-10-17 22:40:33 ERROR MonitoredProcess:416 - createConfigReader error:C:\Users\ueben\Documents\Proyectos\freewill.nextgen\proposalStudio\target\properties\config.properties (El sistema no puede encontrar la ruta especificada)
2018-10-17 22:43:51 ERROR MonitoredProcess:416 - createConfigReader error:C:\Users\ueben\Documents\Proyectos\freewill.nextgen\proposalStudio\target\properties\config.properties (El sistema no puede encontrar la ruta especificada)
2018-10-17 22:50:19 ERROR MonitoredProcess:416 - createConfigReader error:C:\Users\ueben\Documents\Proyectos\freewill.nextgen\proposalStudio\target\properties\config.properties (El sistema no puede encontrar la ruta especificada)
2018-10-17 22:54:06 ERROR MonitoredProcess:416 - createConfigReader error:C:\Users\ueben\Documents\Proyectos\freewill.nextgen\proposalStudio\target\properties\config.properties (El sistema no puede encontrar la ruta especificada)
2018-10-17 23:01:27 ERROR MonitoredProcess:416 - createConfigReader error:C:\Users\ueben\Documents\Proyectos\freewill.nextgen\proposalStudio\target\properties\config.properties (El sistema no puede encontrar la ruta especificada)
2018-10-18 22:28:45 ERROR MonitoredProcess:416 - createConfigReader error:C:\Users\ueben\Documents\Proyectos\freewill.nextgen\proposalStudio\target\properties\config.properties (El sistema no puede encontrar la ruta especificada)
2018-10-18 23:30:21 ERROR MonitoredProcess:416 - createConfigReader error:C:\Users\ueben\Documents\Proyectos\freewill.nextgen\proposalStudio\target\properties\config.properties (El sistema no puede encontrar la ruta especificada)
2018-10-18 23:41:33 ERROR MonitoredProcess:416 - createConfigReader error:C:\Users\ueben\Documents\Proyectos\freewill.nextgen\proposalStudio\target\properties\config.properties (El sistema no puede encontrar la ruta especificada)
2018-10-18 23:46:23 ERROR ImportFromXls:97 - setMethod not found for setID
2018-10-18 23:46:23 ERROR ImportFromXls:97 - setMethod not found for setUSUARIO
2018-10-18 23:46:23 ERROR ImportFromXls:97 - setMethod not found for setCUSTOMID
2018-10-18 23:46:23 ERROR ImportFromXls:97 - setMethod not found for setDESCRIPCIÓN
2018-10-18 23:46:23 ERROR ImportFromXls:97 - setMethod not found for setRESUELTO
2018-10-18 23:46:23 ERROR ImportFromXls:97 - setMethod not found for setID
2018-10-18 23:46:23 ERROR ImportFromXls:97 - setMethod not found for setUSUARIO
2018-10-18 23:46:23 ERROR ImportFromXls:97 - setMethod not found for setCUSTOMID
2018-10-18 23:46:23 ERROR ImportFromXls:97 - setMethod not found for setDESCRIPCIÓN
2018-10-18 23:46:23 ERROR ImportFromXls:97 - setMethod not found for setRESUELTO
2018-10-18 23:46:23 ERROR ImportFromXls:97 - setMethod not found for setID
2018-10-18 23:46:23 ERROR ImportFromXls:97 - setMethod not found for setUSUARIO
2018-10-18 23:46:23 ERROR ImportFromXls:97 - setMethod not found for setCUSTOMID
2018-10-18 23:46:23 ERROR ImportFromXls:97 - setMethod not found for setDESCRIPCIÓN
2018-10-18 23:46:23 ERROR ImportFromXls:97 - setMethod not found for setRESUELTO
2018-10-18 23:46:23 ERROR ImportFromXls:97 - setMethod not found for setID
2018-10-18 23:46:23 ERROR ImportFromXls:97 - setMethod not found for setUSUARIO
2018-10-18 23:46:23 ERROR ImportFromXls:97 - setMethod not found for setCUSTOMID
2018-10-18 23:46:23 ERROR ImportFromXls:97 - setMethod not found for setDESCRIPCIÓN
2018-10-18 23:46:23 ERROR ImportFromXls:97 - setMethod not found for setRESUELTO
2018-10-18 23:46:23 ERROR ImportFromXls:97 - setMethod not found for setID
2018-10-18 23:46:23 ERROR ImportFromXls:97 - setMethod not found for setUSUARIO
2018-10-18 23:46:23 ERROR ImportFromXls:97 - setMethod not found for setCUSTOMID
2018-10-18 23:46:23 ERROR ImportFromXls:97 - setMethod not found for setDESCRIPCIÓN
2018-10-18 23:46:23 ERROR ImportFromXls:97 - setMethod not found for setRESUELTO
2018-10-18 23:46:23 ERROR ImportFromXls:97 - setMethod not found for setID
2018-10-18 23:46:23 ERROR ImportFromXls:97 - setMethod not found for setUSUARIO
2018-10-18 23:46:23 ERROR ImportFromXls:97 - setMethod not found for setCUSTOMID
2018-10-18 23:46:23 ERROR ImportFromXls:97 - setMethod not found for setDESCRIPCIÓN
2018-10-18 23:46:23 ERROR ImportFromXls:97 - setMethod not found for setRESUELTO
2018-10-18 23:46:23 ERROR ImportFromXls:97 - setMethod not found for setID
2018-10-18 23:46:23 ERROR ImportFromXls:97 - setMethod not found for setUSUARIO
2018-10-18 23:46:23 ERROR ImportFromXls:97 - setMethod not found for setCUSTOMID
2018-10-18 23:46:23 ERROR ImportFromXls:97 - setMethod not found for setDESCRIPCIÓN
2018-10-18 23:46:23 ERROR ImportFromXls:97 - setMethod not found for setRESUELTO
2018-10-19 15:55:04 ERROR MonitoredProcess:416 - createConfigReader error:C:\Users\ueben\Documents\Proyectos\freewill.nextgen\proposalStudio\target\properties\config.properties (El sistema no puede encontrar la ruta especificada)
2018-10-19 16:15:06 ERROR MonitoredProcess:416 - createConfigReader error:C:\Users\ueben\Documents\Proyectos\freewill.nextgen\proposalStudio\target\properties\config.properties (El sistema no puede encontrar la ruta especificada)
2018-10-19 16:19:01 ERROR Export2Xls:81 - object is not an instance of declaring class
2018-10-19 16:19:01 ERROR Export2Xls:82 - [Ljava.lang.StackTraceElement;@1528c78
2018-10-19 16:41:24 ERROR MonitoredProcess:416 - createConfigReader error:C:\Users\ueben\Documents\Proyectos\freewill.nextgen\proposalStudio\target\properties\config.properties (El sistema no puede encontrar la ruta especificada)
2018-10-19 16:46:05 ERROR MonitoredProcess:416 - createConfigReader error:C:\Users\ueben\Documents\Proyectos\freewill.nextgen\proposalStudio\target\properties\config.properties (El sistema no puede encontrar la ruta especificada)
2018-10-19 16:54:33 ERROR MonitoredProcess:416 - createConfigReader error:C:\Users\ueben\Documents\Proyectos\freewill.nextgen\proposalStudio\target\properties\config.properties (El sistema no puede encontrar la ruta especificada)
2018-10-19 18:35:03 ERROR MonitoredProcess:416 - createConfigReader error:C:\Users\ueben\Documents\Proyectos\freewill.nextgen\proposalStudio\target\properties\config.properties (El sistema no puede encontrar la ruta especificada)
2018-10-19 18:40:02 ERROR MonitoredProcess:416 - createConfigReader error:C:\Users\ueben\Documents\Proyectos\freewill.nextgen\proposalStudio\target\properties\config.properties (El sistema no puede encontrar la ruta especificada)
2018-10-19 18:48:20 ERROR ImportFromXls:167 - For input string: "BLANK"
2018-10-19 18:48:20 ERROR ImportFromXls:167 - For input string: "BLANK"
2018-10-19 18:48:20 ERROR ImportFromXls:167 - For input string: "BLANK"
2018-10-19 18:48:20 ERROR ImportFromXls:167 - For input string: "BLANK"
2018-10-19 18:48:20 ERROR ImportFromXls:167 - For input string: "BLANK"
2018-10-19 18:48:20 ERROR ImportFromXls:167 - For input string: "BLANK"
2018-10-19 18:48:21 ERROR ImportFromXls:167 - For input string: "BLANK"
2018-10-19 18:48:21 ERROR ImportFromXls:167 - For input string: "BLANK"
2018-10-19 18:48:21 ERROR ImportFromXls:167 - For input string: "BLANK"
2018-10-19 18:48:21 ERROR ImportFromXls:167 - For input string: "BLANK"
2018-10-19 18:48:21 ERROR ImportFromXls:167 - For input string: "BLANK"
2018-10-19 18:48:21 ERROR ImportFromXls:167 - For input string: "BLANK"
2018-10-19 18:48:21 ERROR ImportFromXls:167 - For input string: "BLANK"
2018-10-19 18:48:21 ERROR ImportFromXls:167 - For input string: "BLANK"
2018-10-19 18:48:21 ERROR ImportFromXls:167 - For input string: "BLANK"
2018-10-19 18:48:21 ERROR ImportFromXls:167 - For input string: "BLANK"
2018-10-19 18:48:21 ERROR ImportFromXls:167 - For input string: "BLANK"
2018-10-19 18:48:21 ERROR ImportFromXls:167 - For input string: "BLANK"
2018-10-19 18:48:21 ERROR ImportFromXls:167 - For input string: "BLANK"
2018-10-19 18:48:21 ERROR ImportFromXls:167 - For input string: "BLANK"
2018-10-19 18:48:21 ERROR ImportFromXls:167 - For input string: "BLANK"
2018-10-19 18:48:21 ERROR ImportFromXls:167 - For input string: "BLANK"
2018-10-19 18:48:21 ERROR ImportFromXls:167 - For input string: "BLANK"
2018-10-19 18:48:21 ERROR ImportFromXls:167 - For input string: "BLANK"
2018-10-19 18:48:21 ERROR ImportFromXls:167 - For input string: "BLANK"
2018-10-19 18:48:21 ERROR ImportFromXls:167 - For input string: "BLANK"
2018-10-19 18:48:21 ERROR ImportFromXls:167 - For input string: "BLANK"
2018-10-19 18:48:21 ERROR ImportFromXls:167 - For input string: "BLANK"
2018-10-19 18:48:21 ERROR ImportFromXls:167 - For input string: "BLANK"
2018-10-19 18:48:21 ERROR ImportFromXls:167 - For input string: "BLANK"
2018-10-19 18:48:21 ERROR ImportFromXls:167 - For input string: "BLANK"
2018-10-19 18:48:21 ERROR ImportFromXls:167 - For input string: "BLANK"
2018-10-19 18:48:21 ERROR ImportFromXls:167 - For input string: "BLANK"
2018-10-19 18:48:21 ERROR ImportFromXls:167 - For input string: "BLANK"
2018-10-19 18:48:21 ERROR ImportFromXls:167 - For input string: "BLANK"
2018-10-19 18:48:21 ERROR ImportFromXls:167 - For input string: "BLANK"
2018-10-19 18:48:21 ERROR ImportFromXls:167 - For input string: "BLANK"
2018-10-19 18:48:21 ERROR ImportFromXls:167 - For input string: "BLANK"
2018-10-19 18:48:21 ERROR ImportFromXls:167 - For input string: "BLANK"
2018-10-19 18:48:21 ERROR ImportFromXls:167 - For input string: "BLANK"
2018-10-19 18:48:21 ERROR ImportFromXls:167 - For input string: "BLANK"
2018-10-19 18:48:21 ERROR ImportFromXls:167 - For input string: "BLANK"
2018-10-19 21:47:35 ERROR MonitoredProcess:416 - createConfigReader error:C:\Users\ueben\Documents\Proyectos\freewill.nextgen\proposalStudio\target\properties\config.properties (El sistema no puede encontrar la ruta especificada)
2018-10-19 21:49:30 ERROR ImportFromXls:167 - For input string: "BLANK"
2018-10-19 21:49:30 ERROR ImportFromXls:167 - For input string: "BLANK"
2018-10-19 21:49:30 ERROR ImportFromXls:167 - For input string: "BLANK"
2018-10-19 21:49:30 ERROR ImportFromXls:167 - For input string: "BLANK"
2018-10-19 21:49:31 ERROR ImportFromXls:167 - For input string: "BLANK"
2018-10-19 21:49:31 ERROR ImportFromXls:167 - For input string: "BLANK"
2018-10-19 21:49:31 ERROR ImportFromXls:167 - For input string: "BLANK"
2018-10-19 21:49:31 ERROR ImportFromXls:167 - For input string: "BLANK"
2018-10-19 21:49:31 ERROR ImportFromXls:167 - For input string: "BLANK"
2018-10-19 21:49:31 ERROR ImportFromXls:167 - For input string: "BLANK"
2018-10-19 21:49:31 ERROR ImportFromXls:167 - For input string: "BLANK"
2018-10-19 21:49:31 ERROR ImportFromXls:167 - For input string: "BLANK"
2018-10-19 21:49:31 ERROR ImportFromXls:167 - For input string: "BLANK"
2018-10-19 21:49:31 ERROR ImportFromXls:167 - For input string: "BLANK"
2018-10-19 21:49:31 ERROR ImportFromXls:167 - For input string: "BLANK"
2018-10-19 21:49:31 ERROR ImportFromXls:167 - For input string: "BLANK"
2018-10-19 21:49:31 ERROR ImportFromXls:167 - For input string: "BLANK"
2018-10-19 21:49:31 ERROR ImportFromXls:167 - For input string: "BLANK"
2018-10-19 21:49:31 ERROR ImportFromXls:167 - For input string: "BLANK"
2018-10-19 21:49:31 ERROR ImportFromXls:167 - For input string: "BLANK"
2018-10-19 21:49:31 ERROR ImportFromXls:167 - For input string: "BLANK"
2018-10-19 21:49:31 ERROR ImportFromXls:167 - For input string: "BLANK"
2018-10-19 21:49:31 ERROR ImportFromXls:167 - For input string: "BLANK"
2018-10-19 21:49:31 ERROR ImportFromXls:167 - For input string: "BLANK"
2018-10-19 21:49:31 ERROR ImportFromXls:167 - For input string: "BLANK"
2018-10-19 21:49:31 ERROR ImportFromXls:167 - For input string: "BLANK"
2018-10-19 21:49:31 ERROR ImportFromXls:167 - For input string: "BLANK"
2018-10-19 21:49:31 ERROR ImportFromXls:167 - For input string: "BLANK"
2018-10-19 21:49:31 ERROR ImportFromXls:167 - For input string: "BLANK"
2018-10-19 21:49:31 ERROR ImportFromXls:167 - For input string: "BLANK"
2018-10-19 21:49:31 ERROR ImportFromXls:167 - For input string: "BLANK"
2018-10-19 21:49:31 ERROR ImportFromXls:167 - For input string: "BLANK"
2018-10-19 21:49:31 ERROR ImportFromXls:167 - For input string: "BLANK"
2018-10-19 21:49:31 ERROR ImportFromXls:167 - For input string: "BLANK"
2018-10-19 21:49:31 ERROR ImportFromXls:167 - For input string: "BLANK"
2018-10-19 21:49:31 ERROR ImportFromXls:167 - For input string: "BLANK"
2018-10-19 21:49:31 ERROR ImportFromXls:167 - For input string: "BLANK"
2018-10-19 21:49:31 ERROR ImportFromXls:167 - For input string: "BLANK"
2018-10-19 21:49:31 ERROR ImportFromXls:167 - For input string: "BLANK"
2018-10-19 21:49:31 ERROR ImportFromXls:167 - For input string: "BLANK"
2018-10-19 21:49:31 ERROR ImportFromXls:167 - For input string: "BLANK"
2018-10-19 21:49:31 ERROR ImportFromXls:167 - For input string: "BLANK"
2018-10-19 21:57:23 ERROR MonitoredProcess:416 - createConfigReader error:C:\Users\ueben\Documents\Proyectos\freewill.nextgen\proposalStudio\target\properties\config.properties (El sistema no puede encontrar la ruta especificada)
2018-10-19 23:30:08 ERROR MonitoredProcess:416 - createConfigReader error:C:\Users\ueben\Documents\Proyectos\freewill.nextgen\proposalStudio\target\properties\config.properties (El sistema no puede encontrar la ruta especificada)
2018-10-19 23:41:36 ERROR MonitoredProcess:416 - createConfigReader error:C:\Users\ueben\Documents\Proyectos\freewill.nextgen\proposalStudio\target\properties\config.properties (El sistema no puede encontrar la ruta especificada)
2018-10-20 00:02:51 ERROR MonitoredProcess:416 - createConfigReader error:C:\Users\ueben\Documents\Proyectos\freewill.nextgen\proposalStudio\target\properties\config.properties (El sistema no puede encontrar la ruta especificada)
2018-10-20 00:43:28 ERROR MonitoredProcess:416 - createConfigReader error:C:\Users\ueben\Documents\Proyectos\freewill.nextgen\proposalStudio\target\properties\config.properties (El sistema no puede encontrar la ruta especificada)
2018-10-21 12:41:46 ERROR MonitoredProcess:416 - createConfigReader error:C:\Users\ueben\Documents\Proyectos\freewill.nextgen\proposalStudio\target\properties\config.properties (El sistema no puede encontrar la ruta especificada)
2018-10-21 13:43:06 ERROR MonitoredProcess:126 - 400 
2018-10-21 13:46:08 ERROR MonitoredProcess:126 - 400 
2018-10-21 13:59:04 ERROR MailServerForm:227 - 
2018-10-21 13:59:23 ERROR MailServerForm:227 - 
2018-10-21 13:59:23 ERROR MailServerForm:227 - 
2018-10-21 16:54:53 ERROR MonitoredProcess:418 - createConfigReader error:C:\Users\ueben\Documents\Proyectos\freewill.nextgen\proposalStudio\target\properties\config.properties (El sistema no puede encontrar la ruta especificada)
2018-10-21 17:46:20 ERROR MonitoredProcess:418 - createConfigReader error:C:\Users\ueben\Documents\Proyectos\freewill.nextgen\proposalStudio\target\properties\config.properties (El sistema no puede encontrar la ruta especificada)
2018-10-21 18:16:26 ERROR MonitoredProcess:418 - createConfigReader error:C:\Users\ueben\Documents\Proyectos\freewill.nextgen\proposalStudio\target\properties\config.properties (El sistema no puede encontrar la ruta especificada)
2018-10-21 18:21:24 ERROR MonitoredProcess:418 - createConfigReader error:C:\Users\ueben\Documents\Proyectos\freewill.nextgen\proposalStudio\target\properties\config.properties (El sistema no puede encontrar la ruta especificada)
2018-10-22 18:10:15 ERROR MonitoredProcess:418 - createConfigReader error:C:\Users\ueben\Documents\Proyectos\freewill.nextgen\proposalStudio\target\properties\config.properties (El sistema no puede encontrar la ruta especificada)
2018-10-22 23:26:59 ERROR MonitoredProcess:418 - createConfigReader error:C:\Users\ueben\Documents\Proyectos\freewill.nextgen\proposalStudio\target\properties\config.properties (El sistema no puede encontrar la ruta especificada)
2018-10-22 23:33:01 ERROR MonitoredProcess:418 - createConfigReader error:C:\Users\ueben\Documents\Proyectos\freewill.nextgen\proposalStudio\target\properties\config.properties (El sistema no puede encontrar la ruta especificada)
2018-10-22 23:44:39 ERROR MonitoredProcess:418 - createConfigReader error:C:\Users\ueben\Documents\Proyectos\freewill.nextgen\proposalStudio\target\properties\config.properties (El sistema no puede encontrar la ruta especificada)
2018-10-23 00:00:21 ERROR MonitoredProcess:418 - createConfigReader error:C:\Users\ueben\Documents\Proyectos\freewill.nextgen\proposalStudio\target\properties\config.properties (El sistema no puede encontrar la ruta especificada)
2018-10-23 23:15:17 ERROR MonitoredProcess:418 - createConfigReader error:C:\Users\ueben\Documents\Proyectos\freewill.nextgen\proposalStudio\target\properties\config.properties (El sistema no puede encontrar la ruta especificada)
2018-10-23 23:47:38 ERROR MonitoredProcess:418 - createConfigReader error:C:\Users\ueben\Documents\Proyectos\freewill.nextgen\proposalStudio\target\properties\config.properties (El sistema no puede encontrar la ruta especificada)
2018-10-24 00:05:56 ERROR MonitoredProcess:418 - createConfigReader error:C:\Users\ueben\Documents\Proyectos\freewill.nextgen\proposalStudio\target\properties\config.properties (El sistema no puede encontrar la ruta especificada)
2018-10-24 00:16:16 ERROR MonitoredProcess:418 - createConfigReader error:C:\Users\ueben\Documents\Proyectos\freewill.nextgen\proposalStudio\target\properties\config.properties (El sistema no puede encontrar la ruta especificada)
2018-10-24 00:21:03 ERROR ImportFromXls:182 - For input string: "Funcional"
2018-10-24 00:21:03 ERROR ImportFromXls:182 - For input string: "Funcional"
2018-10-24 00:21:03 ERROR ImportFromXls:182 - For input string: "Funcional"
2018-10-24 00:21:03 ERROR ImportFromXls:182 - For input string: "Funcional"
2018-10-24 00:21:03 ERROR ImportFromXls:182 - For input string: "Funcional"
2018-10-24 00:21:03 ERROR ImportFromXls:182 - For input string: "Funcional"
2018-10-24 00:21:03 ERROR ImportFromXls:182 - For input string: "Funcional"
2018-10-24 00:21:03 ERROR ImportFromXls:182 - For input string: "Funcional"
2018-10-24 00:21:03 ERROR ImportFromXls:182 - For input string: "Funcional"
2018-10-24 00:21:03 ERROR ImportFromXls:182 - For input string: "Funcional"
2018-10-24 00:21:03 ERROR ImportFromXls:182 - For input string: "Funcional"
2018-10-24 00:21:03 ERROR ImportFromXls:182 - For input string: "Funcional"
2018-10-24 00:21:03 ERROR ImportFromXls:182 - For input string: "Funcional"
2018-10-24 00:21:03 ERROR ImportFromXls:182 - For input string: "Funcional"
2018-10-24 00:21:04 ERROR ImportFromXls:182 - For input string: "Funcional"
2018-10-24 00:21:04 ERROR ImportFromXls:182 - For input string: "Funcional"
2018-10-24 00:21:04 ERROR ImportFromXls:182 - For input string: "Funcional"
2018-10-24 00:21:04 ERROR ImportFromXls:182 - For input string: "Funcional"
2018-10-24 00:21:04 ERROR ImportFromXls:182 - For input string: "Funcional"
2018-10-24 00:21:04 ERROR ImportFromXls:182 - For input string: "Funcional"
2018-10-24 00:21:04 ERROR ImportFromXls:182 - For input string: "Funcional"
2018-10-24 00:21:04 ERROR ImportFromXls:182 - For input string: "Funcional"
2018-10-24 00:21:04 ERROR ImportFromXls:182 - For input string: "Funcional"
2018-10-24 00:21:04 ERROR ImportFromXls:182 - For input string: "Funcional"
2018-10-24 00:21:04 ERROR ImportFromXls:182 - For input string: "Funcional"
2018-10-24 00:21:04 ERROR ImportFromXls:182 - For input string: "Funcional"
2018-10-24 00:21:04 ERROR ImportFromXls:182 - For input string: "Funcional"
2018-10-24 00:21:04 ERROR ImportFromXls:182 - For input string: "Funcional"
2018-10-24 00:21:04 ERROR ImportFromXls:182 - For input string: "Funcional"
2018-10-24 00:21:04 ERROR ImportFromXls:182 - For input string: "Funcional"
2018-10-24 00:21:04 ERROR ImportFromXls:182 - For input string: "Funcional"
2018-10-24 00:21:04 ERROR ImportFromXls:182 - For input string: "Funcional"
2018-10-24 00:21:04 ERROR ImportFromXls:182 - For input string: "Funcional"
2018-10-24 00:21:04 ERROR ImportFromXls:182 - For input string: "Funcional"
2018-10-24 00:21:04 ERROR ImportFromXls:182 - For input string: "Funcional"
2018-10-24 00:21:05 ERROR ImportFromXls:182 - For input string: "Funcional"
2018-10-24 00:21:05 ERROR ImportFromXls:182 - For input string: "Funcional"
2018-10-24 00:21:05 ERROR ImportFromXls:182 - For input string: "Funcional"
2018-10-24 00:21:05 ERROR ImportFromXls:182 - For input string: "Funcional"
2018-10-24 00:21:05 ERROR ImportFromXls:182 - For input string: "Funcional"
2018-10-24 00:21:05 ERROR ImportFromXls:182 - For input string: "Funcional"
2018-10-24 00:21:05 ERROR ImportFromXls:182 - For input string: "Funcional"
2018-10-24 00:21:05 ERROR ImportFromXls:182 - For input string: "Funcional"
2018-10-24 00:21:05 ERROR ImportFromXls:182 - For input string: "Funcional"
2018-10-24 00:21:05 ERROR ImportFromXls:182 - For input string: "Funcional"
2018-10-24 00:21:05 ERROR ImportFromXls:182 - For input string: "Funcional"
2018-10-24 00:21:05 ERROR ImportFromXls:182 - For input string: "Funcional"
2018-10-24 00:21:05 ERROR ImportFromXls:182 - For input string: "Funcional"
2018-10-24 00:21:05 ERROR ImportFromXls:182 - For input string: "Funcional"
2018-10-24 00:21:05 ERROR ImportFromXls:182 - For input string: "Funcional"
2018-10-24 00:21:05 ERROR ImportFromXls:182 - For input string: "Funcional"
2018-10-24 00:21:05 ERROR ImportFromXls:182 - For input string: "Funcional"
2018-10-24 00:21:05 ERROR ImportFromXls:182 - For input string: "Funcional"
2018-10-24 00:21:05 ERROR ImportFromXls:182 - For input string: "Funcional"
2018-10-24 00:21:05 ERROR ImportFromXls:182 - For input string: "Funcional"
2018-10-24 00:21:05 ERROR ImportFromXls:182 - For input string: "Funcional"
2018-10-24 00:21:05 ERROR ImportFromXls:182 - For input string: "Funcional"
2018-10-24 00:21:05 ERROR ImportFromXls:182 - For input string: "Funcional"
2018-10-24 00:21:06 ERROR ImportFromXls:182 - For input string: "Funcional"
2018-10-24 00:21:06 ERROR ImportFromXls:182 - For input string: "Funcional"
2018-10-24 00:21:06 ERROR ImportFromXls:182 - For input string: "Funcional"
2018-10-24 00:21:06 ERROR ImportFromXls:182 - For input string: "Funcional"
2018-10-24 00:21:06 ERROR ImportFromXls:182 - For input string: "Funcional"
2018-10-24 00:21:06 ERROR ImportFromXls:182 - For input string: "Funcional"
2018-10-24 00:21:06 ERROR ImportFromXls:182 - For input string: "Funcional"
2018-10-24 00:21:06 ERROR ImportFromXls:182 - For input string: "Funcional"
2018-10-24 00:21:06 ERROR ImportFromXls:182 - For input string: "Funcional"
2018-10-24 00:21:06 ERROR ImportFromXls:182 - For input string: "Funcional"
2018-10-24 00:21:06 ERROR ImportFromXls:182 - For input string: "Funcional"
2018-10-24 00:21:06 ERROR ImportFromXls:182 - For input string: "Funcional"
2018-10-24 00:21:06 ERROR ImportFromXls:182 - For input string: "Funcional"
2018-10-24 00:21:06 ERROR ImportFromXls:182 - For input string: "Funcional"
2018-10-24 00:21:06 ERROR ImportFromXls:182 - For input string: "Funcional"
2018-10-24 00:21:06 ERROR ImportFromXls:182 - For input string: "Funcional"
2018-10-24 00:21:06 ERROR ImportFromXls:182 - For input string: "Funcional"
2018-10-24 00:21:06 ERROR ImportFromXls:182 - For input string: "Funcional"
2018-10-24 00:21:06 ERROR ImportFromXls:182 - For input string: "Funcional"
2018-10-24 00:21:06 ERROR ImportFromXls:182 - For input string: "Funcional"
2018-10-24 00:21:06 ERROR ImportFromXls:182 - For input string: "Funcional"
2018-10-24 00:21:06 ERROR ImportFromXls:182 - For input string: "Funcional"
2018-10-24 00:21:06 ERROR ImportFromXls:182 - For input string: "Funcional"
2018-10-24 00:21:06 ERROR ImportFromXls:182 - For input string: "Funcional"
2018-10-24 00:21:06 ERROR ImportFromXls:182 - For input string: "Funcional"
2018-10-24 00:21:07 ERROR ImportFromXls:182 - For input string: "Funcional"
2018-10-24 00:21:07 ERROR ImportFromXls:182 - For input string: "Funcional"
2018-10-24 00:26:49 ERROR ImportFromXls:182 - For input string: "Funcional"
2018-10-24 00:26:49 ERROR ImportFromXls:182 - For input string: "Funcional"
2018-10-24 00:26:49 ERROR ImportFromXls:182 - For input string: "Funcional"
2018-10-24 00:26:49 ERROR ImportFromXls:182 - For input string: "Funcional"
2018-10-24 00:26:49 ERROR ImportFromXls:182 - For input string: "Funcional"
2018-10-24 00:26:49 ERROR ImportFromXls:182 - For input string: "Funcional"
2018-10-24 00:26:49 ERROR ImportFromXls:182 - For input string: "Funcional"
2018-10-24 00:26:49 ERROR ImportFromXls:182 - For input string: "Funcional"
2018-10-24 00:26:49 ERROR ImportFromXls:182 - For input string: "Funcional"
2018-10-24 00:26:49 ERROR ImportFromXls:182 - For input string: "Funcional"
2018-10-24 00:26:49 ERROR ImportFromXls:182 - For input string: "Funcional"
2018-10-24 00:26:49 ERROR ImportFromXls:182 - For input string: "Funcional"
2018-10-24 00:26:49 ERROR ImportFromXls:182 - For input string: "Funcional"
2018-10-24 00:26:49 ERROR ImportFromXls:182 - For input string: "Funcional"
2018-10-24 00:26:50 ERROR ImportFromXls:182 - For input string: "Funcional"
2018-10-24 00:26:50 ERROR ImportFromXls:182 - For input string: "Funcional"
2018-10-24 00:26:50 ERROR ImportFromXls:182 - For input string: "Funcional"
2018-10-24 00:26:50 ERROR ImportFromXls:182 - For input string: "Funcional"
2018-10-24 00:26:50 ERROR ImportFromXls:182 - For input string: "Funcional"
2018-10-24 00:26:50 ERROR ImportFromXls:182 - For input string: "Funcional"
2018-10-24 00:26:50 ERROR ImportFromXls:182 - For input string: "Funcional"
2018-10-24 00:26:50 ERROR ImportFromXls:182 - For input string: "Funcional"
2018-10-24 00:26:50 ERROR ImportFromXls:182 - For input string: "Funcional"
2018-10-24 00:26:50 ERROR ImportFromXls:182 - For input string: "Funcional"
2018-10-24 00:26:50 ERROR ImportFromXls:182 - For input string: "Funcional"
2018-10-24 00:26:50 ERROR ImportFromXls:182 - For input string: "Funcional"
2018-10-24 00:26:50 ERROR ImportFromXls:182 - For input string: "Funcional"
2018-10-24 00:26:50 ERROR ImportFromXls:182 - For input string: "Funcional"
2018-10-24 00:26:50 ERROR ImportFromXls:182 - For input string: "Funcional"
2018-10-24 00:26:50 ERROR ImportFromXls:182 - For input string: "Funcional"
2018-10-24 00:26:50 ERROR ImportFromXls:182 - For input string: "Funcional"
2018-10-24 00:26:50 ERROR ImportFromXls:182 - For input string: "Funcional"
2018-10-24 00:26:51 ERROR ImportFromXls:182 - For input string: "Funcional"
2018-10-24 00:26:51 ERROR ImportFromXls:182 - For input string: "Funcional"
2018-10-24 00:26:51 ERROR ImportFromXls:182 - For input string: "Funcional"
2018-10-24 00:26:51 ERROR ImportFromXls:182 - For input string: "Funcional"
2018-10-24 00:26:51 ERROR ImportFromXls:182 - For input string: "Funcional"
2018-10-24 00:26:51 ERROR ImportFromXls:182 - For input string: "Funcional"
2018-10-24 00:26:51 ERROR ImportFromXls:182 - For input string: "Funcional"
2018-10-24 00:26:51 ERROR ImportFromXls:182 - For input string: "Funcional"
2018-10-24 00:26:51 ERROR ImportFromXls:182 - For input string: "Funcional"
2018-10-24 00:26:51 ERROR ImportFromXls:182 - For input string: "Funcional"
2018-10-24 00:26:51 ERROR ImportFromXls:182 - For input string: "Funcional"
2018-10-24 00:26:51 ERROR ImportFromXls:182 - For input string: "Funcional"
2018-10-24 00:26:51 ERROR ImportFromXls:182 - For input string: "Funcional"
2018-10-24 00:26:52 ERROR ImportFromXls:182 - For input string: "Funcional"
2018-10-24 00:26:52 ERROR ImportFromXls:182 - For input string: "Funcional"
2018-10-24 00:26:52 ERROR ImportFromXls:182 - For input string: "Funcional"
2018-10-24 00:26:52 ERROR ImportFromXls:182 - For input string: "Funcional"
2018-10-24 00:26:52 ERROR ImportFromXls:182 - For input string: "Funcional"
2018-10-24 00:26:52 ERROR ImportFromXls:182 - For input string: "Funcional"
2018-10-24 00:26:52 ERROR ImportFromXls:182 - For input string: "Funcional"
2018-10-24 00:26:52 ERROR ImportFromXls:182 - For input string: "Funcional"
2018-10-24 00:26:52 ERROR ImportFromXls:182 - For input string: "Funcional"
2018-10-24 00:26:52 ERROR ImportFromXls:182 - For input string: "Funcional"
2018-10-24 00:26:52 ERROR ImportFromXls:182 - For input string: "Funcional"
2018-10-24 00:26:52 ERROR ImportFromXls:182 - For input string: "Funcional"
2018-10-24 00:26:52 ERROR ImportFromXls:182 - For input string: "Funcional"
2018-10-24 00:26:52 ERROR ImportFromXls:182 - For input string: "Funcional"
2018-10-24 00:26:52 ERROR ImportFromXls:182 - For input string: "Funcional"
2018-10-24 00:26:53 ERROR ImportFromXls:182 - For input string: "Funcional"
2018-10-24 00:26:53 ERROR ImportFromXls:182 - For input string: "Funcional"
2018-10-24 00:26:53 ERROR ImportFromXls:182 - For input string: "Funcional"
2018-10-24 00:26:53 ERROR ImportFromXls:182 - For input string: "Funcional"
2018-10-24 00:26:53 ERROR ImportFromXls:182 - For input string: "Funcional"
2018-10-24 00:26:53 ERROR ImportFromXls:182 - For input string: "Funcional"
2018-10-24 00:26:53 ERROR ImportFromXls:182 - For input string: "Funcional"
2018-10-24 00:26:53 ERROR ImportFromXls:182 - For input string: "Funcional"
2018-10-24 00:26:53 ERROR ImportFromXls:182 - For input string: "Funcional"
2018-10-24 00:26:53 ERROR ImportFromXls:182 - For input string: "Funcional"
2018-10-24 00:26:53 ERROR ImportFromXls:182 - For input string: "Funcional"
2018-10-24 00:26:53 ERROR ImportFromXls:182 - For input string: "Funcional"
2018-10-24 00:26:53 ERROR ImportFromXls:182 - For input string: "Funcional"
2018-10-24 00:26:53 ERROR ImportFromXls:182 - For input string: "Funcional"
2018-10-24 00:26:53 ERROR ImportFromXls:182 - For input string: "Funcional"
2018-10-24 00:26:53 ERROR ImportFromXls:182 - For input string: "Funcional"
2018-10-24 00:26:53 ERROR ImportFromXls:182 - For input string: "Funcional"
2018-10-24 00:26:53 ERROR ImportFromXls:182 - For input string: "Funcional"
2018-10-24 00:26:53 ERROR ImportFromXls:182 - For input string: "Funcional"
2018-10-24 00:26:53 ERROR ImportFromXls:182 - For input string: "Funcional"
2018-10-24 00:26:53 ERROR ImportFromXls:182 - For input string: "Funcional"
2018-10-24 00:26:53 ERROR ImportFromXls:182 - For input string: "Funcional"
2018-10-24 00:26:53 ERROR ImportFromXls:182 - For input string: "Funcional"
2018-10-24 00:26:53 ERROR ImportFromXls:182 - For input string: "Funcional"
2018-10-24 00:26:53 ERROR ImportFromXls:182 - For input string: "Funcional"
2018-10-27 21:07:06 ERROR MonitoredProcess:418 - createConfigReader error:C:\Users\ueben\Documents\Proyectos\freewill.nextgen\proposalStudio\target\properties\config.properties (El sistema no puede encontrar la ruta especificada)
2018-10-27 21:34:40 ERROR MonitoredProcess:418 - createConfigReader error:C:\Users\ueben\Documents\Proyectos\freewill.nextgen\proposalStudio\target\properties\config.properties (El sistema no puede encontrar la ruta especificada)
2018-10-27 21:35:16 ERROR MonitoredProcess:126 - 500 
2018-10-27 22:53:48 ERROR MonitoredProcess:418 - createConfigReader error:C:\Users\ueben\Documents\Proyectos\freewill.nextgen\proposalStudio\target\properties\config.properties (El sistema no puede encontrar la ruta especificada)
2018-10-27 22:55:07 ERROR MonitoredProcess:126 - 500 
2018-10-27 23:06:07 ERROR MonitoredProcess:126 - 500 
2018-10-27 23:11:08 ERROR MonitoredProcess:126 - 401 
2018-10-27 23:11:08 ERROR MonitoredProcess:126 - 401 
2018-10-27 23:11:11 ERROR MonitoredProcess:126 - 401 
2018-10-27 23:11:11 ERROR MonitoredProcess:126 - 401 
2018-10-27 23:11:25 ERROR MonitoredProcess:126 - 401 
2018-10-27 23:11:25 ERROR MonitoredProcess:126 - 401 
2018-10-27 23:11:39 ERROR MonitoredProcess:418 - createConfigReader error:C:\Users\ueben\Documents\Proyectos\freewill.nextgen\proposalStudio\target\properties\config.properties (El sistema no puede encontrar la ruta especificada)
2018-10-28 19:19:14 ERROR MonitoredProcess:418 - createConfigReader error:C:\Users\ueben\Documents\Proyectos\freewill.nextgen\proposalStudio\target\properties\config.properties (El sistema no puede encontrar la ruta especificada)
2018-10-28 21:16:02 ERROR MonitoredProcess:418 - createConfigReader error:C:\Users\ueben\Documents\Proyectos\freewill.nextgen\proposalStudio\target\properties\config.properties (El sistema no puede encontrar la ruta especificada)
2018-10-28 22:18:21 ERROR MonitoredProcess:418 - createConfigReader error:C:\Users\ueben\Documents\Proyectos\freewill.nextgen\proposalStudio\target\properties\config.properties (El sistema no puede encontrar la ruta especificada)
2018-10-28 22:18:45 ERROR MonitoredProcess:418 - createConfigReader error:C:\Users\ueben\Documents\Proyectos\freewill.nextgen\proposalStudio\target\properties\config.properties (El sistema no puede encontrar la ruta especificada)
2018-10-28 22:30:20 ERROR MonitoredProcess:418 - createConfigReader error:C:\Users\ueben\Documents\Proyectos\freewill.nextgen\proposalStudio\target\properties\config.properties (El sistema no puede encontrar la ruta especificada)
2018-10-28 22:40:11 ERROR MonitoredProcess:418 - createConfigReader error:C:\Users\ueben\Documents\Proyectos\freewill.nextgen\proposalStudio\target\properties\config.properties (El sistema no puede encontrar la ruta especificada)
2018-10-28 22:47:13 ERROR MonitoredProcess:418 - createConfigReader error:C:\Users\ueben\Documents\Proyectos\freewill.nextgen\proposalStudio\target\properties\config.properties (El sistema no puede encontrar la ruta especificada)
2018-10-28 22:49:27 ERROR MailServerForm:228 - 
2018-10-28 22:49:44 ERROR MailServerForm:228 - 
2018-10-28 22:49:44 ERROR MailServerForm:228 - 
2018-10-28 22:58:01 ERROR MonitoredProcess:418 - createConfigReader error:C:\Users\ueben\Documents\Proyectos\freewill.nextgen\proposalStudio\target\properties\config.properties (El sistema no puede encontrar la ruta especificada)
2018-10-28 23:01:42 ERROR MonitoredProcess:418 - createConfigReader error:C:\Users\ueben\Documents\Proyectos\freewill.nextgen\proposalStudio\target\properties\config.properties (El sistema no puede encontrar la ruta especificada)
2018-10-29 23:44:10 ERROR MonitoredProcess:418 - createConfigReader error:C:\Users\ueben\Documents\Proyectos\freewill.nextgen\proposalStudio\target\properties\config.properties (El sistema no puede encontrar la ruta especificada)
2018-10-29 23:45:35 ERROR MailServerForm:228 - 
2018-10-29 23:56:51 ERROR MonitoredProcess:418 - createConfigReader error:C:\Users\ueben\Documents\Proyectos\freewill.nextgen\proposalStudio\target\properties\config.properties (El sistema no puede encontrar la ruta especificada)
2018-10-30 00:00:39 ERROR MailServerForm:228 - 
2018-10-30 00:03:58 ERROR MailServerForm:228 - 
2018-10-30 00:10:33 ERROR MonitoredProcess:418 - createConfigReader error:C:\Users\ueben\Documents\Proyectos\freewill.nextgen\proposalStudio\target\properties\config.properties (El sistema no puede encontrar la ruta especificada)
2018-10-30 00:22:37 ERROR MonitoredProcess:418 - createConfigReader error:C:\Users\ueben\Documents\Proyectos\freewill.nextgen\proposalStudio\target\properties\config.properties (El sistema no puede encontrar la ruta especificada)
2018-10-30 00:22:55 ERROR MonitoredProcess:126 - I/O error on POST request for "https://KYLOREN:8445/oauth/token": Connect to KYLOREN:8445 [KyloRen/192.168.106.1, KyloRen/192.168.23.1, KyloRen/192.168.1.111, KyloRen/fe80:0:0:0:20f7:ecb4:130e:637e%21, KyloRen/fe80:0:0:0:889a:cb85:dc74:11ef%20, KyloRen/fe80:0:0:0:4dfb:816c:9f6f:2baa%11] failed: Connection refused: connect; nested exception is org.apache.http.conn.HttpHostConnectException: Connect to KYLOREN:8445 [KyloRen/192.168.106.1, KyloRen/192.168.23.1, KyloRen/192.168.1.111, KyloRen/fe80:0:0:0:20f7:ecb4:130e:637e%21, KyloRen/fe80:0:0:0:889a:cb85:dc74:11ef%20, KyloRen/fe80:0:0:0:4dfb:816c:9f6f:2baa%11] failed: Connection refused: connect
2018-10-30 22:16:12 ERROR MonitoredProcess:418 - createConfigReader error:C:\Users\ueben\Documents\Proyectos\freewill.nextgen\proposalStudio\target\properties\config.properties (El sistema no puede encontrar la ruta especificada)
2018-10-30 22:18:33 ERROR MonitoredProcess:418 - createConfigReader error:C:\Users\ueben\Documents\Proyectos\freewill.nextgen\proposalStudio\target\properties\config.properties (El sistema no puede encontrar la ruta especificada)
2018-10-30 22:28:38 ERROR MonitoredProcess:418 - createConfigReader error:C:\Users\ueben\Documents\Proyectos\freewill.nextgen\proposalStudio\target\properties\config.properties (El sistema no puede encontrar la ruta especificada)
2018-10-30 22:36:24 ERROR MonitoredProcess:418 - createConfigReader error:C:\Users\ueben\Documents\Proyectos\freewill.nextgen\proposalStudio\target\properties\config.properties (El sistema no puede encontrar la ruta especificada)
2018-10-30 22:47:37 ERROR MonitoredProcess:418 - createConfigReader error:C:\Users\ueben\Documents\Proyectos\freewill.nextgen\proposalStudio\target\properties\config.properties (El sistema no puede encontrar la ruta especificada)
2018-10-30 22:56:13 ERROR MonitoredProcess:418 - createConfigReader error:C:\Users\ueben\Documents\Proyectos\freewill.nextgen\proposalStudio\target\properties\config.properties (El sistema no puede encontrar la ruta especificada)
2018-11-01 21:13:54 ERROR MonitoredProcess:418 - createConfigReader error:C:\Users\ueben\Documents\Proyectos\freewill.nextgen\proposalStudio\target\properties\config.properties (El sistema no puede encontrar la ruta especificada)
2018-11-01 21:37:17 ERROR MonitoredProcess:126 - Could not read document: Connection reset; nested exception is java.net.SocketException: Connection reset
2018-11-01 23:40:08 ERROR MonitoredProcess:126 - Error - Cannot find or renew a token for null
2018-11-01 23:40:08 ERROR MonitoredProcess:126 - Fail into getEntityById - Missing token
