2018-07-14 12:30:50 ERROR MonitoredProcess:423 - createConfigReader error:C:\Users\ueben\Documents\Proyectos\freewill.nextgen\systemMonitorViewer\target\properties\config.properties (El sistema no puede encontrar la ruta especificada)
2018-07-14 12:42:51 ERROR MonitoredProcess:423 - createConfigReader error:C:\Users\ueben\Documents\Proyectos\freewill.nextgen\systemMonitorViewer\target\properties\config.properties (El sistema no puede encontrar la ruta especificada)
2018-07-14 12:43:07 ERROR MonitoredProcess:125 - 400 
2018-07-14 12:43:20 ERROR MonitoredProcess:125 - 400 
2018-07-14 23:48:23 ERROR MonitoredProcess:423 - createConfigReader error:C:\Users\ueben\Documents\Proyectos\freewill.nextgen\systemMonitorViewer\target\properties\config.properties (El sistema no puede encontrar la ruta especificada)
2018-07-14 23:48:40 ERROR MonitoredProcess:125 - 400 
2018-07-14 23:49:00 ERROR MonitoredProcess:125 - 400 
2018-07-14 23:49:23 ERROR MonitoredProcess:125 - 400 
2018-07-14 23:59:12 ERROR MonitoredProcess:423 - createConfigReader error:C:\Users\ueben\Documents\Proyectos\freewill.nextgen\systemMonitorViewer\target\properties\config.properties (El sistema no puede encontrar la ruta especificada)
2018-07-14 23:59:57 ERROR MonitoredProcess:125 - 400 
2018-07-15 00:09:00 ERROR MonitoredProcess:125 - 400 
2018-07-15 13:02:52 ERROR MonitoredProcess:423 - createConfigReader error:C:\Users\ueben\Documents\Proyectos\freewill.nextgen\systemMonitorViewer\target\properties\config.properties (El sistema no puede encontrar la ruta especificada)
2018-07-15 13:03:14 ERROR MonitoredProcess:125 - 500 
2018-07-15 13:05:34 ERROR MonitoredProcess:125 - 500 
2018-07-15 13:07:03 ERROR MonitoredProcess:125 - 400 
2018-07-15 13:07:31 ERROR MonitoredProcess:125 - 500 
2018-07-15 13:08:04 ERROR MonitoredProcess:125 - 500 
2018-07-15 13:23:20 ERROR MonitoredProcess:423 - createConfigReader error:C:\Users\ueben\Documents\Proyectos\freewill.nextgen\systemMonitorViewer\target\properties\config.properties (El sistema no puede encontrar la ruta especificada)
2018-07-15 13:23:51 ERROR MonitoredProcess:125 - 400 
2018-07-15 13:27:05 ERROR MonitoredProcess:423 - createConfigReader error:C:\Users\ueben\Documents\Proyectos\freewill.nextgen\systemMonitorViewer\target\properties\config.properties (El sistema no puede encontrar la ruta especificada)
2018-07-15 13:27:21 ERROR MonitoredProcess:125 - 404 
2018-07-15 16:54:41 ERROR MonitoredProcess:125 - 400 
2018-07-15 16:55:10 ERROR MonitoredProcess:125 - 404 
2018-07-15 17:43:02 ERROR MonitoredProcess:423 - createConfigReader error:C:\Users\ueben\Documents\Proyectos\freewill.nextgen\systemMonitorViewer\target\properties\config.properties (El sistema no puede encontrar la ruta especificada)
2018-07-15 17:58:38 ERROR MonitoredProcess:125 - 404 
2018-07-15 18:15:44 ERROR MonitoredProcess:423 - createConfigReader error:C:\Users\ueben\Documents\Proyectos\freewill.nextgen\systemMonitorViewer\target\properties\config.properties (El sistema no puede encontrar la ruta especificada)
2018-07-15 18:16:29 ERROR MonitoredProcess:125 - 400 
2018-07-15 18:27:29 ERROR MonitoredProcess:125 - 400 
2018-07-15 18:30:07 ERROR ServerForm:185 - 
2018-07-15 18:32:23 ERROR ServiceForm:70 - Entrando en StopProcess No-System:KYLOREN:Realtime
2018-08-28 20:01:45 ERROR MonitoredProcess:423 - createConfigReader error:C:\Users\ueben\Documents\Proyectos\freewill.nextgen\systemMonitorViewer\target\properties\config.properties (El sistema no puede encontrar la ruta especificada)
2018-08-28 20:02:13 ERROR MonitoredProcess:125 - 400 
2018-08-28 20:02:24 ERROR MonitoredProcess:125 - 500 
2018-08-28 20:02:36 ERROR MonitoredProcess:125 - 500 
2018-08-28 20:03:06 ERROR MonitoredProcess:125 - 500 
2018-09-08 01:16:01 ERROR MonitoredProcess:416 - createConfigReader error:C:\Users\ueben\Documents\Proyectos\freewill.nextgen\systemMonitorViewer\target\properties\config.properties (El sistema no puede encontrar la ruta especificada)
2018-09-08 01:16:12 ERROR MonitoredProcess:126 - 400 
2018-09-08 01:16:33 ERROR MonitoredProcess:115 - Unexpected exception while processing command
2018-09-08 01:16:33 ERROR ServerForm:186 - Fail searching record in ServerPerformanceEntity>No-System:KYLOREN
2018-09-08 01:16:42 ERROR MonitoredProcess:115 - Unexpected exception while processing command
2018-09-08 01:16:42 ERROR ServerForm:186 - Fail searching record in ServerPerformanceEntity>No-System:KYLOREN
2018-09-08 01:16:44 ERROR MonitoredProcess:115 - Unexpected exception while processing command
2018-09-08 01:16:44 ERROR ServerForm:186 - Fail searching record in ServerPerformanceEntity>No-System:KYLOREN
2018-09-08 01:18:56 ERROR MonitoredProcess:416 - createConfigReader error:C:\Users\ueben\Documents\Proyectos\freewill.nextgen\systemMonitorViewer\target\properties\config.properties (El sistema no puede encontrar la ruta especificada)
2018-09-08 15:22:22 ERROR MonitoredProcess:416 - createConfigReader error:C:\Users\ueben\Documents\Proyectos\freewill.nextgen\systemMonitorViewer\target\properties\config.properties (El sistema no puede encontrar la ruta especificada)
2018-09-08 16:33:34 ERROR MonitoredProcess:416 - createConfigReader error:C:\Users\ueben\Documents\Proyectos\freewill.nextgen\systemMonitorViewer\target\properties\config.properties (El sistema no puede encontrar la ruta especificada)
2018-09-08 16:33:48 ERROR MonitoredProcess:126 - 400 
2018-09-08 16:39:20 ERROR ProcessForm:98 - Entrando en Stop Process No-System:KYLOREN:Realtime:JobScheduler
2018-09-08 17:34:37 ERROR MonitoredProcess:416 - createConfigReader error:C:\Users\ueben\Documents\Proyectos\freewill.nextgen\systemMonitorViewer\target\properties\config.properties (El sistema no puede encontrar la ruta especificada)
2018-09-08 17:39:50 ERROR ServiceForm:72 - Entrando en Stop Service No-System:KYLOREN:Infrastructure
2018-09-08 17:50:31 ERROR ServiceForm:72 - Entrando en Stop Service No-System:KYLOREN:Infrastructure
2018-09-08 17:51:51 ERROR ServiceForm:72 - Entrando en Stop Service No-System:KYLOREN:Infrastructure
2018-09-08 17:52:53 ERROR ServiceForm:72 - Entrando en Stop Service No-System:KYLOREN:Infrastructure
2018-09-08 17:53:43 ERROR ServiceForm:72 - Entrando en Stop Service No-System:KYLOREN:Infrastructure
2018-09-08 17:55:01 ERROR ServerForm:82 - Entrando en Stop Server No-System:KYLOREN
2018-09-15 10:19:45 ERROR MonitoredProcess:416 - createConfigReader error:C:\Users\ueben\Documents\Proyectos\freewill.nextgen\systemMonitorViewer\target\properties\config.properties (El sistema no puede encontrar la ruta especificada)
2018-09-15 10:20:18 ERROR MonitoredProcess:126 - 400 
2018-09-15 10:23:39 ERROR MonitoredProcess:416 - createConfigReader error:C:\Users\ueben\Documents\Proyectos\freewill.nextgen\systemMonitorViewer\target\properties\config.properties (El sistema no puede encontrar la ruta especificada)
2018-09-15 10:30:10 ERROR MonitoredProcess:416 - createConfigReader error:C:\Users\ueben\Documents\Proyectos\freewill.nextgen\systemMonitorViewer\target\properties\config.properties (El sistema no puede encontrar la ruta especificada)
2018-09-15 10:35:01 ERROR MonitoredProcess:416 - createConfigReader error:C:\Users\ueben\Documents\Proyectos\freewill.nextgen\systemMonitorViewer\target\properties\config.properties (El sistema no puede encontrar la ruta especificada)
2018-09-15 10:37:02 ERROR MonitoredProcess:416 - createConfigReader error:C:\Users\ueben\Documents\Proyectos\freewill.nextgen\systemMonitorViewer\target\properties\config.properties (El sistema no puede encontrar la ruta especificada)
2018-09-15 10:41:14 ERROR MonitoredProcess:416 - createConfigReader error:C:\Users\ueben\Documents\Proyectos\freewill.nextgen\systemMonitorViewer\target\properties\config.properties (El sistema no puede encontrar la ruta especificada)
2018-09-15 10:47:23 ERROR MonitoredProcess:416 - createConfigReader error:C:\Users\ueben\Documents\Proyectos\freewill.nextgen\systemMonitorViewer\target\properties\config.properties (El sistema no puede encontrar la ruta especificada)
2018-09-15 10:53:13 ERROR MonitoredProcess:416 - createConfigReader error:C:\Users\ueben\Documents\Proyectos\freewill.nextgen\systemMonitorViewer\target\properties\config.properties (El sistema no puede encontrar la ruta especificada)
2018-09-15 10:58:19 ERROR MonitoredProcess:416 - createConfigReader error:C:\Users\ueben\Documents\Proyectos\freewill.nextgen\systemMonitorViewer\target\properties\config.properties (El sistema no puede encontrar la ruta especificada)
2018-09-15 11:02:15 ERROR MonitoredProcess:416 - createConfigReader error:C:\Users\ueben\Documents\Proyectos\freewill.nextgen\systemMonitorViewer\target\properties\config.properties (El sistema no puede encontrar la ruta especificada)
2018-09-15 11:07:27 ERROR MonitoredProcess:416 - createConfigReader error:C:\Users\ueben\Documents\Proyectos\freewill.nextgen\systemMonitorViewer\target\properties\config.properties (El sistema no puede encontrar la ruta especificada)
2018-09-15 18:28:35 ERROR MonitoredProcess:416 - createConfigReader error:C:\Users\ueben\Documents\Proyectos\freewill.nextgen\systemMonitorViewer\target\properties\config.properties (El sistema no puede encontrar la ruta especificada)
2018-09-15 22:35:07 ERROR MonitoredProcess:416 - createConfigReader error:C:\Users\ueben\Documents\Proyectos\freewill.nextgen\systemMonitorViewer\target\properties\config.properties (El sistema no puede encontrar la ruta especificada)
2018-09-15 22:38:03 ERROR MonitoredProcess:416 - createConfigReader error:C:\Users\ueben\Documents\Proyectos\freewill.nextgen\systemMonitorViewer\target\properties\config.properties (El sistema no puede encontrar la ruta especificada)
2018-09-15 22:46:29 ERROR MonitoredProcess:416 - createConfigReader error:C:\Users\ueben\Documents\Proyectos\freewill.nextgen\systemMonitorViewer\target\properties\config.properties (El sistema no puede encontrar la ruta especificada)
2018-09-15 23:13:48 ERROR MonitoredProcess:416 - createConfigReader error:C:\Users\ueben\Documents\Proyectos\freewill.nextgen\systemMonitorViewer\target\properties\config.properties (El sistema no puede encontrar la ruta especificada)
2018-09-15 23:18:24 ERROR MonitoredProcess:416 - createConfigReader error:C:\Users\ueben\Documents\Proyectos\freewill.nextgen\systemMonitorViewer\target\properties\config.properties (El sistema no puede encontrar la ruta especificada)
2018-09-15 23:23:53 ERROR MonitoredProcess:416 - createConfigReader error:C:\Users\ueben\Documents\Proyectos\freewill.nextgen\systemMonitorViewer\target\properties\config.properties (El sistema no puede encontrar la ruta especificada)
2018-09-15 23:32:25 ERROR MonitoredProcess:416 - createConfigReader error:C:\Users\ueben\Documents\Proyectos\freewill.nextgen\systemMonitorViewer\target\properties\config.properties (El sistema no puede encontrar la ruta especificada)
2018-09-15 23:49:04 ERROR MonitoredProcess:416 - createConfigReader error:C:\Users\ueben\Documents\Proyectos\freewill.nextgen\systemMonitorViewer\target\properties\config.properties (El sistema no puede encontrar la ruta especificada)
2018-09-15 23:53:40 ERROR MonitoredProcess:416 - createConfigReader error:C:\Users\ueben\Documents\Proyectos\freewill.nextgen\systemMonitorViewer\target\properties\config.properties (El sistema no puede encontrar la ruta especificada)
2018-09-16 00:03:27 ERROR MonitoredProcess:416 - createConfigReader error:C:\Users\ueben\Documents\Proyectos\freewill.nextgen\systemMonitorViewer\target\properties\config.properties (El sistema no puede encontrar la ruta especificada)
2018-09-16 00:15:31 ERROR MonitoredProcess:416 - createConfigReader error:C:\Users\ueben\Documents\Proyectos\freewill.nextgen\systemMonitorViewer\target\properties\config.properties (El sistema no puede encontrar la ruta especificada)
