2019-08-18 20:18:30 ERROR MonitoredProcess:418 - createConfigReader error:C:\Users\marfa_000\Documents\frewillFAP\apppubFAP\properties\config.properties (El sistema no puede encontrar la ruta especificada)
2019-08-18 20:18:38 ERROR MonitoredProcess:115 - Unexpected exception while processing command
2019-08-18 20:18:38 ERROR MonitoredProcess:292 - Fail searching record in processesList - No-System:SUMMERSUNSHINE:HMI:AppPublicFAP
2019-08-18 20:28:13 ERROR MonitoredProcess:418 - createConfigReader error:C:\Users\marfa_000\Documents\frewillFAP\apppubFAP\properties\config.properties (El sistema no puede encontrar la ruta especificada)
2019-08-18 20:28:23 ERROR MonitoredProcess:115 - Unexpected exception while processing command
2019-08-18 20:28:23 ERROR MonitoredProcess:292 - Fail searching record in processesList - No-System:SUMMERSUNSHINE:HMI:AppPublicFAP
2019-08-18 20:30:08 ERROR MonitoredProcess:418 - createConfigReader error:C:\Users\marfa_000\Documents\frewillFAP\apppubFAP\properties\config.properties (El sistema no puede encontrar la ruta especificada)
2019-08-18 20:30:16 ERROR MonitoredProcess:115 - Unexpected exception while processing command
2019-08-18 20:30:16 ERROR MonitoredProcess:292 - Fail searching record in processesList - No-System:SUMMERSUNSHINE:HMI:AppPublicFAP
2019-08-18 20:36:15 ERROR MonitoredProcess:418 - createConfigReader error:C:\Users\marfa_000\Documents\frewillFAP\apppubFAP\properties\config.properties (El sistema no puede encontrar la ruta especificada)
2019-08-18 20:36:22 ERROR MonitoredProcess:115 - Unexpected exception while processing command
2019-08-18 20:36:22 ERROR MonitoredProcess:292 - Fail searching record in processesList - No-System:SUMMERSUNSHINE:HMI:AppPublicFAP
2019-08-18 21:59:18 ERROR MonitoredProcess:418 - createConfigReader error:C:\Users\marfa_000\Documents\frewillFAP\apppubFAP\properties\config.properties (El sistema no puede encontrar la ruta especificada)
2019-08-18 21:59:32 ERROR MonitoredProcess:115 - Unexpected exception while processing command
2019-08-18 21:59:32 ERROR MonitoredProcess:292 - Fail searching record in processesList - No-System:SUMMERSUNSHINE:HMI:AppPublicFAP
2019-08-18 22:02:14 ERROR MonitoredProcess:418 - createConfigReader error:C:\Users\marfa_000\Documents\frewillFAP\apppubFAP\properties\config.properties (El sistema no puede encontrar la ruta especificada)
2019-08-18 22:02:21 ERROR MonitoredProcess:115 - Unexpected exception while processing command
2019-08-18 22:02:21 ERROR MonitoredProcess:292 - Fail searching record in processesList - No-System:SUMMERSUNSHINE:HMI:AppPublicFAP
2019-08-18 22:06:26 ERROR MonitoredProcess:418 - createConfigReader error:C:\Users\marfa_000\Documents\frewillFAP\apppubFAP\properties\config.properties (El sistema no puede encontrar la ruta especificada)
2019-08-18 22:06:33 ERROR MonitoredProcess:115 - Unexpected exception while processing command
2019-08-18 22:06:33 ERROR MonitoredProcess:292 - Fail searching record in processesList - No-System:SUMMERSUNSHINE:HMI:AppPublicFAP
2019-08-18 22:10:53 ERROR MonitoredProcess:418 - createConfigReader error:C:\Users\marfa_000\Documents\frewillFAP\apppubFAP\properties\config.properties (El sistema no puede encontrar la ruta especificada)
2019-08-18 22:10:58 ERROR MonitoredProcess:115 - Unexpected exception while processing command
2019-08-18 22:10:58 ERROR MonitoredProcess:292 - Fail searching record in processesList - No-System:SUMMERSUNSHINE:HMI:AppPublicFAP
2019-08-18 22:31:12 ERROR MonitoredProcess:418 - createConfigReader error:C:\Users\marfa_000\Documents\frewillFAP\apppubFAP\properties\config.properties (El sistema no puede encontrar la ruta especificada)
2019-08-18 22:31:16 ERROR MonitoredProcess:115 - Unexpected exception while processing command
2019-08-18 22:31:16 ERROR MonitoredProcess:292 - Fail searching record in processesList - No-System:SUMMERSUNSHINE:HMI:AppPublicFAP
2019-08-18 22:31:18 ERROR MonitoredProcess:131 - I/O error on POST request for "https://SUMMERSUNSHINE:8447/oauth/token": Connect to SUMMERSUNSHINE:8447 [summersunshine/192.168.1.42, summersunshine/fe80:0:0:0:d152:e97f:9986:1f45%14] failed: Connection refused: connect; nested exception is org.apache.http.conn.HttpHostConnectException: Connect to SUMMERSUNSHINE:8447 [summersunshine/192.168.1.42, summersunshine/fe80:0:0:0:d152:e97f:9986:1f45%14] failed: Connection refused: connect
2019-08-18 22:31:18 ERROR MonitoredProcess:131 - I/O error on POST request for "https://SUMMERSUNSHINE:8447/oauth/token": Connect to SUMMERSUNSHINE:8447 [summersunshine/192.168.1.42, summersunshine/fe80:0:0:0:d152:e97f:9986:1f45%14] failed: Connection refused: connect; nested exception is org.apache.http.conn.HttpHostConnectException: Connect to SUMMERSUNSHINE:8447 [summersunshine/192.168.1.42, summersunshine/fe80:0:0:0:d152:e97f:9986:1f45%14] failed: Connection refused: connect
2019-08-18 23:30:40 ERROR MonitoredProcess:418 - createConfigReader error:C:\Users\marfa_000\Documents\frewillFAP\apppubFAP\properties\config.properties (El sistema no puede encontrar la ruta especificada)
2019-08-18 23:30:45 ERROR MonitoredProcess:115 - Unexpected exception while processing command
2019-08-18 23:30:45 ERROR MonitoredProcess:292 - Fail searching record in processesList - No-System:SUMMERSUNSHINE:HMI:AppPublicFAP
2019-08-19 00:03:42 ERROR MonitoredProcess:418 - createConfigReader error:C:\Users\marfa_000\Documents\frewillFAP\apppubFAP\properties\config.properties (El sistema no puede encontrar la ruta especificada)
2019-08-19 00:04:01 ERROR MonitoredProcess:115 - Unexpected exception while processing command
2019-08-19 00:04:01 ERROR MonitoredProcess:292 - Fail searching record in processesList - No-System:SUMMERSUNSHINE:HMI:AppPublicFAP
2019-08-19 00:04:05 ERROR MonitoredProcess:131 - I/O error on POST request for "https://SUMMERSUNSHINE:8447/oauth/token": Connect to SUMMERSUNSHINE:8447 [summersunshine/192.168.1.42, summersunshine/fe80:0:0:0:d152:e97f:9986:1f45%14] failed: Connection refused: connect; nested exception is org.apache.http.conn.HttpHostConnectException: Connect to SUMMERSUNSHINE:8447 [summersunshine/192.168.1.42, summersunshine/fe80:0:0:0:d152:e97f:9986:1f45%14] failed: Connection refused: connect
2019-08-19 00:04:36 ERROR MonitoredProcess:131 - I/O error on POST request for "https://SUMMERSUNSHINE:8447/oauth/token": Connect to SUMMERSUNSHINE:8447 [SUMMERSUNSHINE/192.168.1.42, SUMMERSUNSHINE/fe80:0:0:0:d152:e97f:9986:1f45%14] failed: Connection refused: connect; nested exception is org.apache.http.conn.HttpHostConnectException: Connect to SUMMERSUNSHINE:8447 [SUMMERSUNSHINE/192.168.1.42, SUMMERSUNSHINE/fe80:0:0:0:d152:e97f:9986:1f45%14] failed: Connection refused: connect
2019-08-19 00:04:40 ERROR MonitoredProcess:131 - I/O error on POST request for "https://SUMMERSUNSHINE:8447/oauth/token": Connect to SUMMERSUNSHINE:8447 [SUMMERSUNSHINE/192.168.1.42, SUMMERSUNSHINE/fe80:0:0:0:d152:e97f:9986:1f45%14] failed: Connection refused: connect; nested exception is org.apache.http.conn.HttpHostConnectException: Connect to SUMMERSUNSHINE:8447 [SUMMERSUNSHINE/192.168.1.42, SUMMERSUNSHINE/fe80:0:0:0:d152:e97f:9986:1f45%14] failed: Connection refused: connect
2019-08-19 00:04:42 ERROR MonitoredProcess:131 - I/O error on POST request for "https://SUMMERSUNSHINE:8447/oauth/token": Connect to SUMMERSUNSHINE:8447 [SUMMERSUNSHINE/192.168.1.42, SUMMERSUNSHINE/fe80:0:0:0:d152:e97f:9986:1f45%14] failed: Connection refused: connect; nested exception is org.apache.http.conn.HttpHostConnectException: Connect to SUMMERSUNSHINE:8447 [SUMMERSUNSHINE/192.168.1.42, SUMMERSUNSHINE/fe80:0:0:0:d152:e97f:9986:1f45%14] failed: Connection refused: connect
2019-08-19 00:06:45 ERROR MonitoredProcess:418 - createConfigReader error:C:\Users\marfa_000\Documents\frewillFAP\apppubFAP\properties\config.properties (El sistema no puede encontrar la ruta especificada)
2019-08-19 00:06:54 ERROR MonitoredProcess:115 - Unexpected exception while processing command
2019-08-19 00:06:54 ERROR MonitoredProcess:292 - Fail searching record in processesList - No-System:SUMMERSUNSHINE:HMI:AppPublicFAP
2019-08-19 00:15:20 ERROR MonitoredProcess:418 - createConfigReader error:C:\Users\marfa_000\Documents\frewillFAP\apppubFAP\properties\config.properties (El sistema no puede encontrar la ruta especificada)
2019-08-19 00:15:30 ERROR MonitoredProcess:115 - Unexpected exception while processing command
2019-08-19 00:15:30 ERROR MonitoredProcess:292 - Fail searching record in processesList - No-System:SUMMERSUNSHINE:HMI:AppPublicFAP
2019-08-19 00:22:03 ERROR MonitoredProcess:418 - createConfigReader error:C:\Users\marfa_000\Documents\frewillFAP\apppubFAP\properties\config.properties (El sistema no puede encontrar la ruta especificada)
2019-08-19 00:22:14 ERROR MonitoredProcess:115 - Unexpected exception while processing command
2019-08-19 00:22:14 ERROR MonitoredProcess:292 - Fail searching record in processesList - No-System:SUMMERSUNSHINE:HMI:AppPublicFAP
2019-08-19 00:29:16 ERROR MonitoredProcess:418 - createConfigReader error:C:\Users\marfa_000\Documents\frewillFAP\apppubFAP\properties\config.properties (El sistema no puede encontrar la ruta especificada)
2019-08-19 00:29:23 ERROR MonitoredProcess:115 - Unexpected exception while processing command
2019-08-19 00:29:23 ERROR MonitoredProcess:292 - Fail searching record in processesList - No-System:SUMMERSUNSHINE:HMI:AppPublicFAP
2019-08-19 00:40:08 ERROR MonitoredProcess:418 - createConfigReader error:C:\Users\marfa_000\Documents\frewillFAP\apppubFAP\properties\config.properties (El sistema no puede encontrar la ruta especificada)
2019-08-19 00:40:15 ERROR MonitoredProcess:115 - Unexpected exception while processing command
2019-08-19 00:40:15 ERROR MonitoredProcess:292 - Fail searching record in processesList - No-System:SUMMERSUNSHINE:HMI:AppPublicFAP
2019-08-19 00:52:35 ERROR MonitoredProcess:418 - createConfigReader error:C:\Users\marfa_000\Documents\frewillFAP\apppubFAP\properties\config.properties (El sistema no puede encontrar la ruta especificada)
2019-08-19 00:52:49 ERROR MonitoredProcess:115 - Unexpected exception while processing command
2019-08-19 00:52:49 ERROR MonitoredProcess:292 - Fail searching record in processesList - No-System:SUMMERSUNSHINE:HMI:AppPublicFAP
2019-08-19 01:09:38 ERROR MonitoredProcess:418 - createConfigReader error:C:\Users\marfa_000\git\FreewillFAP\FreewillFAP\apppubFAP\properties\config.properties (El sistema no puede encontrar la ruta especificada)
2019-08-19 01:09:46 ERROR MonitoredProcess:115 - Unexpected exception while processing command
2019-08-19 01:09:46 ERROR MonitoredProcess:292 - Fail searching record in processesList - No-System:SUMMERSUNSHINE:HMI:AppPublicFAP
2019-08-20 20:21:54 ERROR MonitoredProcess:418 - createConfigReader error:C:\Users\marfa_000\git\FreewillFAP\FreewillFAP\apppubFAP\properties\config.properties (El sistema no puede encontrar la ruta especificada)
2019-08-20 20:22:01 ERROR MonitoredProcess:115 - Unexpected exception while processing command
2019-08-20 20:22:01 ERROR MonitoredProcess:292 - Fail searching record in processesList - No-System:SUMMERSUNSHINE:HMI:AppPublicFAP
2019-08-20 20:23:05 ERROR MonitoredProcess:131 - Failed to convert value of type 'java.lang.String' to required type 'java.lang.Long'; nested exception is java.lang.NumberFormatException: For input string: "165,3ªEtapaCopaAndalucía(B)2019,false"
2019-08-20 20:23:36 ERROR MonitoredProcess:131 - Failed to convert value of type 'java.lang.String' to required type 'java.lang.Long'; nested exception is java.lang.NumberFormatException: For input string: "165,3ªEtapaCopaAndalucía(B)2019,false"
2019-08-20 20:24:06 ERROR MonitoredProcess:131 - Failed to convert value of type 'java.lang.String' to required type 'java.lang.Long'; nested exception is java.lang.NumberFormatException: For input string: "165,3ªEtapaCopaAndalucía(B)2019,false"
2019-08-20 20:24:36 ERROR MonitoredProcess:131 - Failed to convert value of type 'java.lang.String' to required type 'java.lang.Long'; nested exception is java.lang.NumberFormatException: For input string: "165,3ªEtapaCopaAndalucía(B)2019,false"
2019-08-20 22:40:54 ERROR MonitoredProcess:418 - createConfigReader error:C:\Users\marfa_000\git\FreewillFAP\FreewillFAP\apppubFAP\properties\config.properties (El sistema no puede encontrar la ruta especificada)
2019-08-20 22:41:01 ERROR MonitoredProcess:115 - Unexpected exception while processing command
2019-08-20 22:41:01 ERROR MonitoredProcess:292 - Fail searching record in processesList - No-System:SUMMERSUNSHINE:HMI:AppPublicFAP
2019-08-20 22:44:05 ERROR MonitoredProcess:418 - createConfigReader error:C:\Users\marfa_000\git\FreewillFAP\FreewillFAP\apppubFAP\properties\config.properties (El sistema no puede encontrar la ruta especificada)
2019-08-20 22:44:15 ERROR MonitoredProcess:115 - Unexpected exception while processing command
2019-08-20 22:44:15 ERROR MonitoredProcess:292 - Fail searching record in processesList - No-System:SUMMERSUNSHINE:HMI:AppPublicFAP
2019-08-20 22:45:23 ERROR MonitoredProcess:131 - Failed to convert value of type 'java.lang.String' to required type 'java.lang.Long'; nested exception is java.lang.NumberFormatException: For input string: "165,3ªEtapaCopaAndalucía(B)2019,false"
2019-08-20 22:47:37 ERROR MonitoredProcess:418 - createConfigReader error:C:\Users\marfa_000\git\FreewillFAP\FreewillFAP\apppubFAP\properties\config.properties (El sistema no puede encontrar la ruta especificada)
2019-08-20 22:47:48 ERROR MonitoredProcess:115 - Unexpected exception while processing command
2019-08-20 22:47:48 ERROR MonitoredProcess:292 - Fail searching record in processesList - No-System:SUMMERSUNSHINE:HMI:AppPublicFAP
2019-08-20 22:57:55 ERROR MonitoredProcess:131 - Failed to convert value of type 'java.lang.String' to required type 'java.lang.Long'; nested exception is java.lang.NumberFormatException: For input string: "165,3ªEtapaCopaAndalucía(B)2019,false"
2019-08-20 22:58:42 ERROR MonitoredProcess:131 - Failed to convert value of type 'java.lang.String' to required type 'java.lang.Long'; nested exception is java.lang.NumberFormatException: For input string: "165,3ªEtapaCopaAndalucía(B)2019,false"
2019-08-20 22:59:12 ERROR MonitoredProcess:131 - Failed to convert value of type 'java.lang.String' to required type 'java.lang.Long'; nested exception is java.lang.NumberFormatException: For input string: "165,3ªEtapaCopaAndalucía(B)2019,false"
2019-08-20 22:59:42 ERROR MonitoredProcess:131 - Failed to convert value of type 'java.lang.String' to required type 'java.lang.Long'; nested exception is java.lang.NumberFormatException: For input string: "165,3ªEtapaCopaAndalucía(B)2019,false"
2019-08-20 23:00:12 ERROR MonitoredProcess:131 - Failed to convert value of type 'java.lang.String' to required type 'java.lang.Long'; nested exception is java.lang.NumberFormatException: For input string: "165,3ªEtapaCopaAndalucía(B)2019,false"
2019-08-20 23:02:40 ERROR MonitoredProcess:418 - createConfigReader error:C:\Users\marfa_000\git\FreewillFAP\FreewillFAP\apppubFAP\properties\config.properties (El sistema no puede encontrar la ruta especificada)
2019-08-20 23:02:48 ERROR MonitoredProcess:115 - Unexpected exception while processing command
2019-08-20 23:02:48 ERROR MonitoredProcess:292 - Fail searching record in processesList - No-System:SUMMERSUNSHINE:HMI:AppPublicFAP
2019-08-20 23:03:30 ERROR MonitoredProcess:131 - Failed to convert value of type 'java.lang.String' to required type 'java.lang.Long'; nested exception is java.lang.NumberFormatException: For input string: "165,3ªEtapaCopaAndalucía(B)2019,false"
2019-08-20 23:04:00 ERROR MonitoredProcess:131 - Failed to convert value of type 'java.lang.String' to required type 'java.lang.Long'; nested exception is java.lang.NumberFormatException: For input string: "165,3ªEtapaCopaAndalucía(B)2019,false"
2019-08-20 23:10:01 ERROR MonitoredProcess:418 - createConfigReader error:C:\Users\marfa_000\git\FreewillFAP\FreewillFAP\apppubFAP\properties\config.properties (El sistema no puede encontrar la ruta especificada)
2019-08-20 23:10:08 ERROR MonitoredProcess:115 - Unexpected exception while processing command
2019-08-20 23:10:08 ERROR MonitoredProcess:292 - Fail searching record in processesList - No-System:SUMMERSUNSHINE:HMI:AppPublicFAP
2019-08-20 23:20:28 ERROR MonitoredProcess:418 - createConfigReader error:C:\Users\marfa_000\git\FreewillFAP\FreewillFAP\apppubFAP\properties\config.properties (El sistema no puede encontrar la ruta especificada)
2019-08-20 23:20:36 ERROR MonitoredProcess:115 - Unexpected exception while processing command
2019-08-20 23:20:36 ERROR MonitoredProcess:292 - Fail searching record in processesList - No-System:SUMMERSUNSHINE:HMI:AppPublicFAP
2019-08-20 23:24:00 ERROR MonitoredProcess:418 - createConfigReader error:C:\Users\marfa_000\git\FreewillFAP\FreewillFAP\apppubFAP\properties\config.properties (El sistema no puede encontrar la ruta especificada)
2019-08-20 23:24:07 ERROR MonitoredProcess:115 - Unexpected exception while processing command
2019-08-20 23:24:07 ERROR MonitoredProcess:292 - Fail searching record in processesList - No-System:SUMMERSUNSHINE:HMI:AppPublicFAP
2019-08-20 23:27:19 ERROR MonitoredProcess:418 - createConfigReader error:C:\Users\marfa_000\git\FreewillFAP\FreewillFAP\apppubFAP\properties\config.properties (El sistema no puede encontrar la ruta especificada)
2019-08-20 23:27:29 ERROR MonitoredProcess:115 - Unexpected exception while processing command
2019-08-20 23:27:29 ERROR MonitoredProcess:292 - Fail searching record in processesList - No-System:SUMMERSUNSHINE:HMI:AppPublicFAP
2019-08-20 23:33:58 ERROR MonitoredProcess:418 - createConfigReader error:C:\Users\marfa_000\git\FreewillFAP\FreewillFAP\apppubFAP\properties\config.properties (El sistema no puede encontrar la ruta especificada)
2019-08-20 23:34:06 ERROR MonitoredProcess:115 - Unexpected exception while processing command
2019-08-20 23:34:06 ERROR MonitoredProcess:292 - Fail searching record in processesList - No-System:SUMMERSUNSHINE:HMI:AppPublicFAP
2019-08-20 23:49:08 ERROR MonitoredProcess:418 - createConfigReader error:C:\Users\marfa_000\git\FreewillFAP\FreewillFAP\apppubFAP\properties\config.properties (El sistema no puede encontrar la ruta especificada)
2019-08-20 23:49:19 ERROR MonitoredProcess:115 - Unexpected exception while processing command
2019-08-20 23:49:19 ERROR MonitoredProcess:292 - Fail searching record in processesList - No-System:SUMMERSUNSHINE:HMI:AppPublicFAP
2019-08-20 23:53:32 ERROR MonitoredProcess:418 - createConfigReader error:C:\Users\marfa_000\git\FreewillFAP\FreewillFAP\apppubFAP\properties\config.properties (El sistema no puede encontrar la ruta especificada)
2019-08-20 23:53:44 ERROR MonitoredProcess:115 - Unexpected exception while processing command
2019-08-20 23:53:44 ERROR MonitoredProcess:292 - Fail searching record in processesList - No-System:SUMMERSUNSHINE:HMI:AppPublicFAP
2019-08-20 23:59:41 ERROR MonitoredProcess:418 - createConfigReader error:C:\Users\marfa_000\git\FreewillFAP\FreewillFAP\apppubFAP\properties\config.properties (El sistema no puede encontrar la ruta especificada)
2019-08-20 23:59:52 ERROR MonitoredProcess:115 - Unexpected exception while processing command
2019-08-20 23:59:52 ERROR MonitoredProcess:292 - Fail searching record in processesList - No-System:SUMMERSUNSHINE:HMI:AppPublicFAP
2019-08-21 00:02:35 ERROR MonitoredProcess:418 - createConfigReader error:C:\Users\marfa_000\git\FreewillFAP\FreewillFAP\apppubFAP\properties\config.properties (El sistema no puede encontrar la ruta especificada)
2019-08-21 00:02:41 ERROR MonitoredProcess:115 - Unexpected exception while processing command
2019-08-21 00:02:41 ERROR MonitoredProcess:292 - Fail searching record in processesList - No-System:SUMMERSUNSHINE:HMI:AppPublicFAP
2019-08-21 00:09:47 ERROR MonitoredProcess:418 - createConfigReader error:C:\Users\marfa_000\git\FreewillFAP\FreewillFAP\apppubFAP\properties\config.properties (El sistema no puede encontrar la ruta especificada)
2019-08-21 00:09:55 ERROR MonitoredProcess:115 - Unexpected exception while processing command
2019-08-21 00:09:55 ERROR MonitoredProcess:292 - Fail searching record in processesList - No-System:SUMMERSUNSHINE:HMI:AppPublicFAP
2019-08-21 00:19:46 ERROR MonitoredProcess:418 - createConfigReader error:C:\Users\marfa_000\git\FreewillFAP\FreewillFAP\apppubFAP\properties\config.properties (El sistema no puede encontrar la ruta especificada)
2019-08-21 00:19:57 ERROR MonitoredProcess:115 - Unexpected exception while processing command
2019-08-21 00:19:57 ERROR MonitoredProcess:292 - Fail searching record in processesList - No-System:SUMMERSUNSHINE:HMI:AppPublicFAP
2019-08-21 00:23:52 ERROR MonitoredProcess:418 - createConfigReader error:C:\Users\marfa_000\git\FreewillFAP\FreewillFAP\apppubFAP\properties\config.properties (El sistema no puede encontrar la ruta especificada)
2019-08-21 00:24:00 ERROR MonitoredProcess:115 - Unexpected exception while processing command
2019-08-21 00:24:00 ERROR MonitoredProcess:292 - Fail searching record in processesList - No-System:SUMMERSUNSHINE:HMI:AppPublicFAP
2019-08-21 00:28:46 ERROR MonitoredProcess:418 - createConfigReader error:C:\Users\marfa_000\git\FreewillFAP\FreewillFAP\apppubFAP\properties\config.properties (El sistema no puede encontrar la ruta especificada)
2019-08-21 00:28:50 ERROR MonitoredProcess:115 - Unexpected exception while processing command
2019-08-21 00:28:50 ERROR MonitoredProcess:292 - Fail searching record in processesList - No-System:SUMMERSUNSHINE:HMI:AppPublicFAP
2019-08-21 00:33:22 ERROR MonitoredProcess:418 - createConfigReader error:C:\Users\marfa_000\git\FreewillFAP\FreewillFAP\apppubFAP\properties\config.properties (El sistema no puede encontrar la ruta especificada)
2019-08-21 00:33:26 ERROR MonitoredProcess:115 - Unexpected exception while processing command
2019-08-21 00:33:26 ERROR MonitoredProcess:292 - Fail searching record in processesList - No-System:SUMMERSUNSHINE:HMI:AppPublicFAP
2019-08-21 00:35:30 ERROR MonitoredProcess:418 - createConfigReader error:C:\Users\marfa_000\git\FreewillFAP\FreewillFAP\apppubFAP\properties\config.properties (El sistema no puede encontrar la ruta especificada)
2019-08-21 00:35:34 ERROR MonitoredProcess:115 - Unexpected exception while processing command
2019-08-21 00:35:34 ERROR MonitoredProcess:292 - Fail searching record in processesList - No-System:SUMMERSUNSHINE:HMI:AppPublicFAP
2019-08-21 00:37:45 ERROR MonitoredProcess:418 - createConfigReader error:C:\Users\marfa_000\git\FreewillFAP\FreewillFAP\apppubFAP\properties\config.properties (El sistema no puede encontrar la ruta especificada)
2019-08-21 00:37:49 ERROR MonitoredProcess:115 - Unexpected exception while processing command
2019-08-21 00:37:49 ERROR MonitoredProcess:292 - Fail searching record in processesList - No-System:SUMMERSUNSHINE:HMI:AppPublicFAP
2019-08-21 00:38:31 ERROR MonitoredProcess:418 - createConfigReader error:C:\Users\marfa_000\git\FreewillFAP\FreewillFAP\apppubFAP\properties\config.properties (El sistema no puede encontrar la ruta especificada)
2019-08-21 00:38:35 ERROR MonitoredProcess:115 - Unexpected exception while processing command
2019-08-21 00:38:35 ERROR MonitoredProcess:292 - Fail searching record in processesList - No-System:SUMMERSUNSHINE:HMI:AppPublicFAP
2019-08-21 00:45:58 ERROR MonitoredProcess:418 - createConfigReader error:C:\Users\marfa_000\git\FreewillFAP\FreewillFAP\apppubFAP\properties\config.properties (El sistema no puede encontrar la ruta especificada)
2019-08-21 00:46:02 ERROR MonitoredProcess:115 - Unexpected exception while processing command
2019-08-21 00:46:02 ERROR MonitoredProcess:292 - Fail searching record in processesList - No-System:SUMMERSUNSHINE:HMI:AppPublicFAP
2019-08-21 00:49:59 ERROR MonitoredProcess:418 - createConfigReader error:C:\Users\marfa_000\git\FreewillFAP\FreewillFAP\apppubFAP\properties\config.properties (El sistema no puede encontrar la ruta especificada)
2019-08-21 00:50:03 ERROR MonitoredProcess:115 - Unexpected exception while processing command
2019-08-21 00:50:03 ERROR MonitoredProcess:292 - Fail searching record in processesList - No-System:SUMMERSUNSHINE:HMI:AppPublicFAP
2019-08-21 00:52:17 ERROR MonitoredProcess:418 - createConfigReader error:C:\Users\marfa_000\git\FreewillFAP\FreewillFAP\apppubFAP\properties\config.properties (El sistema no puede encontrar la ruta especificada)
2019-08-21 00:52:22 ERROR MonitoredProcess:115 - Unexpected exception while processing command
2019-08-21 00:52:22 ERROR MonitoredProcess:292 - Fail searching record in processesList - No-System:SUMMERSUNSHINE:HMI:AppPublicFAP
2019-08-21 00:57:41 ERROR MonitoredProcess:418 - createConfigReader error:C:\Users\marfa_000\git\FreewillFAP\FreewillFAP\apppubFAP\properties\config.properties (El sistema no puede encontrar la ruta especificada)
2019-08-21 00:57:45 ERROR MonitoredProcess:115 - Unexpected exception while processing command
2019-08-21 00:57:45 ERROR MonitoredProcess:292 - Fail searching record in processesList - No-System:SUMMERSUNSHINE:HMI:AppPublicFAP
2019-08-21 01:07:56 ERROR MonitoredProcess:418 - createConfigReader error:C:\Users\marfa_000\git\FreewillFAP\FreewillFAP\apppubFAP\properties\config.properties (El sistema no puede encontrar la ruta especificada)
2019-08-21 01:07:59 ERROR MonitoredProcess:115 - Unexpected exception while processing command
2019-08-21 01:07:59 ERROR MonitoredProcess:292 - Fail searching record in processesList - No-System:SUMMERSUNSHINE:HMI:AppPublicFAP
2019-08-21 01:09:50 ERROR MonitoredProcess:418 - createConfigReader error:C:\Users\marfa_000\git\FreewillFAP\FreewillFAP\apppubFAP\properties\config.properties (El sistema no puede encontrar la ruta especificada)
2019-08-21 01:09:53 ERROR MonitoredProcess:115 - Unexpected exception while processing command
2019-08-21 01:09:53 ERROR MonitoredProcess:292 - Fail searching record in processesList - No-System:SUMMERSUNSHINE:HMI:AppPublicFAP
2019-08-21 01:11:21 ERROR MonitoredProcess:418 - createConfigReader error:C:\Users\marfa_000\git\FreewillFAP\FreewillFAP\apppubFAP\properties\config.properties (El sistema no puede encontrar la ruta especificada)
2019-08-21 01:11:26 ERROR MonitoredProcess:115 - Unexpected exception while processing command
2019-08-21 01:11:26 ERROR MonitoredProcess:292 - Fail searching record in processesList - No-System:SUMMERSUNSHINE:HMI:AppPublicFAP
2019-08-21 01:12:29 ERROR MonitoredProcess:418 - createConfigReader error:C:\Users\marfa_000\git\FreewillFAP\FreewillFAP\apppubFAP\properties\config.properties (El sistema no puede encontrar la ruta especificada)
2019-08-21 01:12:33 ERROR MonitoredProcess:115 - Unexpected exception while processing command
2019-08-21 01:12:33 ERROR MonitoredProcess:292 - Fail searching record in processesList - No-System:SUMMERSUNSHINE:HMI:AppPublicFAP
2019-08-21 01:18:11 ERROR MonitoredProcess:418 - createConfigReader error:C:\Users\marfa_000\git\FreewillFAP\FreewillFAP\apppubFAP\properties\config.properties (El sistema no puede encontrar la ruta especificada)
2019-08-21 01:18:14 ERROR MonitoredProcess:115 - Unexpected exception while processing command
2019-08-21 01:18:14 ERROR MonitoredProcess:292 - Fail searching record in processesList - No-System:SUMMERSUNSHINE:HMI:AppPublicFAP
